2022-11-22 14:54:29 #WORK DIR: ./180326-HAT-P-12b
2022-11-22 14:54:29 #BINNING for processing: 1
2022-11-22 14:54:30 2018-03-25T10:13:55 flat R 15.0 dark180
2022-11-22 14:54:30 add to wflatR.list ...
2022-11-22 14:54:30 2018-03-25T10:14:20 flat R 15.0 dark180
2022-11-22 14:54:30 add to wflatR.list ...
2022-11-22 14:54:30 2018-03-25T10:14:47 flat R 17.0 dark180
2022-11-22 14:54:30 add to wflatR.list ...
2022-11-22 14:54:30 2018-03-25T10:15:15 flat R 19.0 dark180
2022-11-22 14:54:30 add to wflatR.list ...
2022-11-22 14:54:30 2018-03-25T10:15:46 flat R 19.0 dark180
2022-11-22 14:54:30 add to wflatR.list ...
2022-11-22 14:54:30 2018-03-26T14:04:06 object R 200.0 hat-p-12b
2022-11-22 14:54:30 add to wobj.list ...
2022-11-22 14:54:30 2018-03-26T14:07:37 object R 200.0 hat-p-12b
2022-11-22 14:54:30 add to wobj.list ...
2022-11-22 14:54:30 2018-03-26T14:11:04 object R 200.0 hat-p-12b
2022-11-22 14:54:30 add to wobj.list ...
2022-11-22 14:54:30 2018-03-26T14:14:30 object R 200.0 hat-p-12b
2022-11-22 14:54:30 add to wobj.list ...
2022-11-22 14:54:30 2018-03-26T14:24:50 object R 200.0 hat-p-12b
2022-11-22 14:54:30 add to wobj.list ...
2022-11-22 14:54:30 2018-03-26T14:35:10 object R 200.0 hat-p-12b
2022-11-22 14:54:30 add to wobj.list ...
2022-11-22 14:54:30 2018-03-26T14:45:30 object R 200.0 hat-p-12b
2022-11-22 14:54:30 add to wobj.list ...
2022-11-22 14:54:30 2018-03-26T14:55:49 object R 200.0 hat-p-12b
2022-11-22 14:54:30 add to wobj.list ...
2022-11-22 14:54:30 2018-03-26T14:59:16 object R 200.0 hat-p-12b
2022-11-22 14:54:30 add to wobj.list ...
2022-11-22 14:54:30 2018-03-26T15:02:42 object R 200.0 hat-p-12b
2022-11-22 14:54:30 add to wobj.list ...
2022-11-22 14:54:30 2018-03-26T15:06:09 object R 200.0 hat-p-12b
2022-11-22 14:54:30 add to wobj.list ...
2022-11-22 14:54:30 2018-03-26T15:09:35 object R 200.0 hat-p-12b
2022-11-22 14:54:30 add to wobj.list ...
2022-11-22 14:54:30 2018-03-26T15:13:01 object R 200.0 hat-p-12b
2022-11-22 14:54:30 add to wobj.list ...
2022-11-22 14:54:30 2018-03-26T15:16:28 object R 200.0 hat-p-12b
2022-11-22 14:54:30 add to wobj.list ...
2022-11-22 14:54:30 2018-03-26T15:19:54 object R 200.0 hat-p-12b
2022-11-22 14:54:30 add to wobj.list ...
2022-11-22 14:54:30 2018-03-26T15:23:21 object R 200.0 hat-p-12b
2022-11-22 14:54:30 add to wobj.list ...
2022-11-22 14:54:30 2018-03-26T15:26:48 object R 200.0 hat-p-12b
2022-11-22 14:54:30 add to wobj.list ...
2022-11-22 14:54:30 2018-03-26T15:33:41 object R 200.0 hat-p-12b
2022-11-22 14:54:30 add to wobj.list ...
2022-11-22 14:54:30 2018-03-26T15:40:34 object R 200.0 hat-p-12b
2022-11-22 14:54:30 add to wobj.list ...
2022-11-22 14:54:30 2018-03-26T15:47:27 object R 200.0 hat-p-12b
2022-11-22 14:54:30 add to wobj.list ...
2022-11-22 14:54:30 2018-03-26T15:54:20 object R 200.0 hat-p-12b
2022-11-22 14:54:30 add to wobj.list ...
2022-11-22 14:54:30 2018-03-26T16:01:13 object R 200.0 hat-p-12b
2022-11-22 14:54:30 add to wobj.list ...
2022-11-22 14:54:30 2018-03-26T16:08:06 object R 200.0 hat-p-12b
2022-11-22 14:54:30 add to wobj.list ...
2022-11-22 14:54:30 2018-03-26T16:14:59 object R 200.0 hat-p-12b
2022-11-22 14:54:30 add to wobj.list ...
2022-11-22 14:54:30 2018-03-26T16:21:51 object R 200.0 hat-p-12b
2022-11-22 14:54:30 add to wobj.list ...
2022-11-22 14:54:30 2018-03-26T16:28:44 object R 200.0 hat-p-12b
2022-11-22 14:54:30 add to wobj.list ...
2022-11-22 14:54:30 2018-03-26T16:35:37 object R 200.0 hat-p-12b
2022-11-22 14:54:30 add to wobj.list ...
2022-11-22 14:54:30 2018-03-26T16:42:30 object R 200.0 hat-p-12b
2022-11-22 14:54:30 add to wobj.list ...
2022-11-22 14:54:30 2018-03-26T16:45:57 object R 200.0 hat-p-12b
2022-11-22 14:54:30 add to wobj.list ...
2022-11-22 14:54:30 2018-03-26T16:49:23 object R 200.0 hat-p-12b
2022-11-22 14:54:30 add to wobj.list ...
2022-11-22 14:54:30 2018-03-26T16:52:50 object R 200.0 hat-p-12b
2022-11-22 14:54:30 add to wobj.list ...
2022-11-22 14:54:30 2018-03-26T16:56:16 object R 200.0 hat-p-12b
2022-11-22 14:54:30 add to wobj.list ...
2022-11-22 14:54:30 2018-03-26T16:59:42 object R 200.0 hat-p-12b
2022-11-22 14:54:30 add to wobj.list ...
2022-11-22 14:54:30 2018-03-26T17:03:09 object R 200.0 hat-p-12b
2022-11-22 14:54:30 add to wobj.list ...
2022-11-22 14:54:30 2018-03-26T17:06:36 object R 200.0 hat-p-12b
2022-11-22 14:54:30 add to wobj.list ...
2022-11-22 14:54:30 2018-03-26T17:10:02 object R 200.0 hat-p-12b
2022-11-22 14:54:30 add to wobj.list ...
2022-11-22 14:54:30 2018-03-26T17:16:55 object R 200.0 hat-p-12b
2022-11-22 14:54:30 add to wobj.list ...
2022-11-22 14:54:30 2018-03-26T17:27:15 object R 200.0 hat-p-12b
2022-11-22 14:54:30 add to wobj.list ...
2022-11-22 14:54:30 2018-03-26T17:37:34 object R 200.0 hat-p-12b
2022-11-22 14:54:30 add to wobj.list ...
2022-11-22 14:54:30 2018-03-26T17:47:53 object R 200.0 hat-p-12b
2022-11-22 14:54:30 add to wobj.list ...
2022-11-22 14:54:30 2018-03-26T17:58:12 object R 200.0 hat-p-12b
2022-11-22 14:54:30 add to wobj.list ...
2022-11-22 14:54:30 2018-03-26T18:08:32 object R 200.0 hat-p-12b
2022-11-22 14:54:30 add to wobj.list ...
2022-11-22 14:54:30 2018-03-26T18:18:52 object R 200.0 hat-p-12b
2022-11-22 14:54:30 add to wobj.list ...
2022-11-22 14:54:30 2018-03-26T18:29:11 object R 200.0 hat-p-12b
2022-11-22 14:54:30 add to wobj.list ...
2022-11-22 14:54:30 2018-03-26T19:54:36 bias R 0.0 bias
2022-11-22 14:54:30 add to wbias.list ...
2022-11-22 14:54:30 2018-03-26T19:54:43 bias R 0.0 bias
2022-11-22 14:54:30 add to wbias.list ...
2022-11-22 14:54:30 2018-03-26T19:54:49 bias R 0.0 bias
2022-11-22 14:54:30 add to wbias.list ...
2022-11-22 14:54:30 2018-03-26T19:54:56 bias R 0.0 bias
2022-11-22 14:54:30 add to wbias.list ...
2022-11-22 14:54:30 2018-03-26T19:55:02 bias R 0.0 bias
2022-11-22 14:54:30 add to wbias.list ...
2022-11-22 14:54:30 2018-03-26T20:10:10 dark R 180.0 dark180
2022-11-22 14:54:30 add to wdark180s.list ...
2022-11-22 14:54:30 2018-03-26T20:13:16 dark R 180.0 dark180
2022-11-22 14:54:30 add to wdark180s.list ...
2022-11-22 14:54:30 2018-03-26T20:16:23 dark R 180.0 dark180
2022-11-22 14:54:30 add to wdark180s.list ...
2022-11-22 14:54:30 2018-03-26T20:19:30 dark R 180.0 dark180
2022-11-22 14:54:30 add to wdark180s.list ...
2022-11-22 14:54:30 2018-03-26T20:22:36 dark R 180.0 dark180
2022-11-22 14:54:30 add to wdark180s.list ...
2022-11-22 14:54:32 bias-001.fits    595.4     12.9    800.0    412.0
2022-11-22 14:54:32 bias-002.fits    596.3     12.7    795.0    415.0
2022-11-22 14:54:33 bias-003.fits    596.6     10.3   2386.0    434.0
2022-11-22 14:54:33 bias-004.fits    596.2      9.0   1305.0    430.0
2022-11-22 14:54:33 bias-005.fits    595.8      9.0    767.0    434.0
2022-11-22 14:54:33 MASTER    596.1      4.9    648.0    549.0
2022-11-22 14:54:33 Save to wbias.fits ...
2022-11-22 14:54:33 dark-180s-010.fits    603.2     13.2  11247.0    437.0
2022-11-22 14:54:33 dark-180s-011.fits    604.6     12.1   9703.0    442.0
2022-11-22 14:54:33 dark-180s-012.fits    603.9     13.1  12944.0    427.0
2022-11-22 14:54:33 dark-180s-013.fits    602.7     10.9   6828.0    437.0
2022-11-22 14:54:33 dark-180s-014.fits    603.9     12.8   8635.0    438.0
2022-11-22 14:54:34 Save to wdark180s.fits ...dark 180
2022-11-22 14:54:34 MASTER      7.6      6.8   1478.0    -49.0
2022-11-22 14:54:34 flat-046.fits  28201.7    353.3  38410.0  12168.0
2022-11-22 14:54:34 flat-047.fits  25760.8    326.1  35508.0  10858.0
2022-11-22 14:54:34 flat-048.fits  26226.0    331.8  37424.0  11285.0
2022-11-22 14:54:34 flat-049.fits  26582.2    335.5  39745.0  11457.0
2022-11-22 14:54:34 flat-050.fits  23629.2    307.0  40795.0  10196.0
2022-11-22 14:54:34 Save to wflatR.fits ...flat R
2022-11-22 14:54:34 MASTER      1.0      0.0      1.1      0.4
2022-11-22 14:54:35 object-000115.fits(R,200.0)<<[R,180.0]
2022-11-22 14:54:35 object-000116.fits(R,200.0)<<[R,180.0]
2022-11-22 14:54:35 object-000117.fits(R,200.0)<<[R,180.0]
2022-11-22 14:54:35 object-000118.fits(R,200.0)<<[R,180.0]
2022-11-22 14:54:35 object-000121.fits(R,200.0)<<[R,180.0]
2022-11-22 14:54:35 object-000124.fits(R,200.0)<<[R,180.0]
2022-11-22 14:54:35 object-000127.fits(R,200.0)<<[R,180.0]
2022-11-22 14:54:35 object-000130.fits(R,200.0)<<[R,180.0]
2022-11-22 14:54:35 object-000131.fits(R,200.0)<<[R,180.0]
2022-11-22 14:54:35 object-000132.fits(R,200.0)<<[R,180.0]
2022-11-22 14:54:35 object-000133.fits(R,200.0)<<[R,180.0]
2022-11-22 14:54:35 object-000134.fits(R,200.0)<<[R,180.0]
2022-11-22 14:54:35 object-000135.fits(R,200.0)<<[R,180.0]
2022-11-22 14:54:35 object-000136.fits(R,200.0)<<[R,180.0]
2022-11-22 14:54:35 object-000137.fits(R,200.0)<<[R,180.0]
2022-11-22 14:54:36 object-000138.fits(R,200.0)<<[R,180.0]
2022-11-22 14:54:36 object-000139.fits(R,200.0)<<[R,180.0]
2022-11-22 14:54:36 object-000141.fits(R,200.0)<<[R,180.0]
2022-11-22 14:54:36 object-000143.fits(R,200.0)<<[R,180.0]
2022-11-22 14:54:36 object-000145.fits(R,200.0)<<[R,180.0]
2022-11-22 14:54:36 object-000147.fits(R,200.0)<<[R,180.0]
2022-11-22 14:54:36 object-000149.fits(R,200.0)<<[R,180.0]
2022-11-22 14:54:36 object-000151.fits(R,200.0)<<[R,180.0]
2022-11-22 14:54:36 object-000153.fits(R,200.0)<<[R,180.0]
2022-11-22 14:54:36 object-000155.fits(R,200.0)<<[R,180.0]
2022-11-22 14:54:37 object-000157.fits(R,200.0)<<[R,180.0]
2022-11-22 14:54:37 object-000159.fits(R,200.0)<<[R,180.0]
2022-11-22 14:54:37 object-000161.fits(R,200.0)<<[R,180.0]
2022-11-22 14:54:37 object-000162.fits(R,200.0)<<[R,180.0]
2022-11-22 14:54:37 object-000163.fits(R,200.0)<<[R,180.0]
2022-11-22 14:54:37 object-000164.fits(R,200.0)<<[R,180.0]
2022-11-22 14:54:37 object-000165.fits(R,200.0)<<[R,180.0]
2022-11-22 14:54:37 object-000166.fits(R,200.0)<<[R,180.0]
2022-11-22 14:54:37 object-000167.fits(R,200.0)<<[R,180.0]
2022-11-22 14:54:37 object-000168.fits(R,200.0)<<[R,180.0]
2022-11-22 14:54:37 object-000169.fits(R,200.0)<<[R,180.0]
2022-11-22 14:54:37 object-000171.fits(R,200.0)<<[R,180.0]
2022-11-22 14:54:37 object-000174.fits(R,200.0)<<[R,180.0]
2022-11-22 14:54:37 object-000177.fits(R,200.0)<<[R,180.0]
2022-11-22 14:54:38 object-000180.fits(R,200.0)<<[R,180.0]
2022-11-22 14:54:38 object-000183.fits(R,200.0)<<[R,180.0]
2022-11-22 14:54:38 object-000186.fits(R,200.0)<<[R,180.0]
2022-11-22 14:54:38 object-000189.fits(R,200.0)<<[R,180.0]
2022-11-22 14:54:38 object-000192.fits(R,200.0)<<[R,180.0]
2022-11-22 15:05:23 #WORK: run_photometry
2022-11-22 15:05:23 #WORK DIR: ./180326-HAT-P-12b
2022-11-22 15:05:23 #TOTAL NUMBER of FILES: 44
2022-11-22 15:05:23 #THRES = 5.0
2022-11-22 15:05:23 #SATU. LEVEL = 60000
2022-11-22 15:05:23 #PHOT_APER: [10. 20. 30.]
2022-11-22 15:05:23 #SKY_ANNUL: [30.0, 40.0]
2022-11-22 15:05:23 #SUBPIXEL: 5
2022-11-22 15:05:24 #RUN:  1 / 44
2022-11-22 15:05:24 #IMAGE/DATE-OBS: wobject-000115 [2048, 2048] 2018-03-26T14:04:06
2022-11-22 15:05:24 #OBJECT/EXPTIME/FILTER: hat-p-12b 200.0 R
2022-11-22 15:05:24 #IMAGE STATS: 3057.72 (59.18)
2022-11-22 15:05:25  - NUMBER of detected stars: 23
2022-11-22 15:05:26 wobject-000115 890 1241 [FAIL] FWHM=0.5" PEAK=5128.9 A/B=0.9 TOO LARGE/SMALL, 
2022-11-22 15:05:26 22 stars of 23 completed...
2022-11-22 15:05:26 #RUN:  2 / 44
2022-11-22 15:05:26 #IMAGE/DATE-OBS: wobject-000116 [2048, 2048] 2018-03-26T14:07:37
2022-11-22 15:05:26 #OBJECT/EXPTIME/FILTER: hat-p-12b 200.0 R
2022-11-22 15:05:27 #IMAGE STATS: 3014.46 (58.85)
2022-11-22 15:05:27  - NUMBER of detected stars: 23
2022-11-22 15:05:28 wobject-000116 1230 107 [FAIL] FWHM=5.0" PEAK=4565.6 A/B=0.0 TOO OVAL, 
2022-11-22 15:05:28 wobject-000116 598 460 [FAIL] FWHM=1.4" PEAK=1961.5 A/B=0.3 TOO LARGE/SMALL, TOO OVAL, 
2022-11-22 15:05:28 wobject-000116 1759 1555 [FAIL] FWHM=0.7" PEAK=6448.0 A/B=0.8 TOO LARGE/SMALL, 
2022-11-22 15:05:29 20 stars of 23 completed...
2022-11-22 15:05:29 #RUN:  3 / 44
2022-11-22 15:05:29 #IMAGE/DATE-OBS: wobject-000117 [2048, 2048] 2018-03-26T14:11:04
2022-11-22 15:05:29 #OBJECT/EXPTIME/FILTER: hat-p-12b 200.0 R
2022-11-22 15:05:29 #IMAGE STATS: 2981.93 (58.48)
2022-11-22 15:05:30  - NUMBER of detected stars: 18
2022-11-22 15:05:30 wobject-000117 984 1551 [FAIL] FWHM=0.5" PEAK=5034.7 A/B=0.9 TOO LARGE/SMALL, 
2022-11-22 15:05:31 17 stars of 18 completed...
2022-11-22 15:05:31 #RUN:  4 / 44
2022-11-22 15:05:31 #IMAGE/DATE-OBS: wobject-000118 [2048, 2048] 2018-03-26T14:14:30
2022-11-22 15:05:31 #OBJECT/EXPTIME/FILTER: hat-p-12b 200.0 R
2022-11-22 15:05:31 #IMAGE STATS: 2940.74 (58.07)
2022-11-22 15:05:32  - NUMBER of detected stars: 22
2022-11-22 15:05:33 wobject-000118 1463 568 [FAIL] FWHM=0.7" PEAK=4112.8 A/B=0.5 TOO LARGE/SMALL, 
2022-11-22 15:05:33 wobject-000118 1955 833 [FAIL] FWHM=0.6" PEAK=6626.3 A/B=0.7 TOO LARGE/SMALL, 
2022-11-22 15:05:33 20 stars of 22 completed...
2022-11-22 15:05:33 #RUN:  5 / 44
2022-11-22 15:05:33 #IMAGE/DATE-OBS: wobject-000121 [2048, 2048] 2018-03-26T14:24:50
2022-11-22 15:05:33 #OBJECT/EXPTIME/FILTER: hat-p-12b 200.0 R
2022-11-22 15:05:34 #IMAGE STATS: 2839.50 (57.10)
2022-11-22 15:05:34  - NUMBER of detected stars: 24
2022-11-22 15:05:35 wobject-000121 166 480 [FAIL] FWHM=0.5" PEAK=4797.2 A/B=0.9 TOO LARGE/SMALL, 
2022-11-22 15:05:36 23 stars of 24 completed...
2022-11-22 15:05:36 #RUN:  6 / 44
2022-11-22 15:05:36 #IMAGE/DATE-OBS: wobject-000124 [2048, 2048] 2018-03-26T14:35:10
2022-11-22 15:05:36 #OBJECT/EXPTIME/FILTER: hat-p-12b 200.0 R
2022-11-22 15:05:36 #IMAGE STATS: 2772.73 (56.41)
2022-11-22 15:05:37  - NUMBER of detected stars: 25
2022-11-22 15:05:37 wobject-000124 986 279 [FAIL] FWHM=6.2" PEAK=359.8 A/B=0.8 TOO CLOSE, 
2022-11-22 15:05:37 wobject-000124 1874 1701 [FAIL] FWHM=5.7" PEAK=1001.9 A/B=0.7 TOO CLOSE, 
2022-11-22 15:05:38 23 stars of 25 completed...
2022-11-22 15:05:38 #RUN:  7 / 44
2022-11-22 15:05:38 #IMAGE/DATE-OBS: wobject-000127 [2048, 2048] 2018-03-26T14:45:30
2022-11-22 15:05:38 #OBJECT/EXPTIME/FILTER: hat-p-12b 200.0 R
2022-11-22 15:05:38 #IMAGE STATS: 2665.31 (55.34)
2022-11-22 15:05:39  - NUMBER of detected stars: 25
2022-11-22 15:05:40 wobject-000127 1308 1140 [FAIL] FWHM=0.9" PEAK=4097.3 A/B=0.4 TOO LARGE/SMALL, 
2022-11-22 15:05:40 24 stars of 25 completed...
2022-11-22 15:05:40 #RUN:  8 / 44
2022-11-22 15:05:40 #IMAGE/DATE-OBS: wobject-000130 [2048, 2048] 2018-03-26T14:55:49
2022-11-22 15:05:40 #OBJECT/EXPTIME/FILTER: hat-p-12b 200.0 R
2022-11-22 15:05:41 #IMAGE STATS: 2591.56 (54.63)
2022-11-22 15:05:41  - NUMBER of detected stars: 26
2022-11-22 15:05:42 wobject-000130 1781 1041 [FAIL] FWHM=0.5" PEAK=2639.2 A/B=0.9 TOO LARGE/SMALL, 
2022-11-22 15:05:42 wobject-000130 1890 1508 [FAIL] FWHM=5.4" PEAK=362.1 A/B=0.8 TOO CLOSE, 
2022-11-22 15:05:43 24 stars of 26 completed...
2022-11-22 15:05:43 #RUN:  9 / 44
2022-11-22 15:05:43 #IMAGE/DATE-OBS: wobject-000131 [2048, 2048] 2018-03-26T14:59:16
2022-11-22 15:05:43 #OBJECT/EXPTIME/FILTER: hat-p-12b 200.0 R
2022-11-22 15:05:43 #IMAGE STATS: 2555.40 (54.30)
2022-11-22 15:05:44  - NUMBER of detected stars: 24
2022-11-22 15:05:45 wobject-000131 1230 108 [FAIL] FWHM=5.7" PEAK=373.7 A/B=0.9 TOO CLOSE, 
2022-11-22 15:05:45 23 stars of 24 completed...
2022-11-22 15:05:45 #RUN:  10 / 44
2022-11-22 15:05:45 #IMAGE/DATE-OBS: wobject-000132 [2048, 2048] 2018-03-26T15:02:42
2022-11-22 15:05:45 #OBJECT/EXPTIME/FILTER: hat-p-12b 200.0 R
2022-11-22 15:05:46 #IMAGE STATS: 2509.62 (53.82)
2022-11-22 15:05:46  - NUMBER of detected stars: 26
2022-11-22 15:05:47 wobject-000132 1160 325 [FAIL] FWHM=5.9" PEAK=342.3 A/B=0.8 TOO CLOSE, 
2022-11-22 15:05:47 wobject-000132 240 434 [FAIL] FWHM=6.8" PEAK=338.4 A/B=0.7 TOO CLOSE, 
2022-11-22 15:05:47 wobject-000132 323 477 [FAIL] FWHM=6.4" PEAK=1465.8 A/B=0.7 TOO CLOSE, 
2022-11-22 15:05:48 23 stars of 26 completed...
2022-11-22 15:05:48 #RUN:  11 / 44
2022-11-22 15:05:48 #IMAGE/DATE-OBS: wobject-000133 [2048, 2048] 2018-03-26T15:06:09
2022-11-22 15:05:48 #OBJECT/EXPTIME/FILTER: hat-p-12b 200.0 R
2022-11-22 15:05:48 #IMAGE STATS: 2498.46 (53.72)
2022-11-22 15:05:49  - NUMBER of detected stars: 23
2022-11-22 15:05:49 wobject-000133 97 779 [FAIL] FWHM=0.5" PEAK=3515.6 A/B=1.0 TOO LARGE/SMALL, 
2022-11-22 15:05:50 22 stars of 23 completed...
2022-11-22 15:05:50 #RUN:  12 / 44
2022-11-22 15:05:50 #IMAGE/DATE-OBS: wobject-000134 [2048, 2048] 2018-03-26T15:09:35
2022-11-22 15:05:50 #OBJECT/EXPTIME/FILTER: hat-p-12b 200.0 R
2022-11-22 15:05:50 #IMAGE STATS: 2511.89 (53.89)
2022-11-22 15:05:51  - NUMBER of detected stars: 21
2022-11-22 15:05:51 wobject-000134 50 1047 [FAIL] FWHM=0.8" PEAK=4174.8 A/B=0.6 TOO LARGE/SMALL, 
2022-11-22 15:05:52 20 stars of 21 completed...
2022-11-22 15:05:52 #RUN:  13 / 44
2022-11-22 15:05:52 #IMAGE/DATE-OBS: wobject-000135 [2048, 2048] 2018-03-26T15:13:01
2022-11-22 15:05:52 #OBJECT/EXPTIME/FILTER: hat-p-12b 200.0 R
2022-11-22 15:05:52 #IMAGE STATS: 2505.83 (53.77)
2022-11-22 15:05:53  - NUMBER of detected stars: 24
2022-11-22 15:05:54 24 stars of 24 completed...
2022-11-22 15:05:54 #RUN:  14 / 44
2022-11-22 15:05:54 #IMAGE/DATE-OBS: wobject-000136 [2048, 2048] 2018-03-26T15:16:28
2022-11-22 15:05:54 #OBJECT/EXPTIME/FILTER: hat-p-12b 200.0 R
2022-11-22 15:05:55 #IMAGE STATS: 2470.22 (53.46)
2022-11-22 15:05:55  - NUMBER of detected stars: 28
2022-11-22 15:05:56 wobject-000136 1754 246 [FAIL] FWHM=1.0" PEAK=-5691.7 A/B=0.1 TOO WEAK, TOO LARGE/SMALL, TOO OVAL, 
2022-11-22 15:05:56 wobject-000136 1171 761 [FAIL] FWHM=4.3" PEAK=1303.1 A/B=0.1 TOO OVAL, 
2022-11-22 15:05:56 wobject-000136 1895 1508 [FAIL] FWHM=5.9" PEAK=352.3 A/B=0.7 TOO CLOSE, 
2022-11-22 15:05:56 wobject-000136 1882 1706 [FAIL] FWHM=5.7" PEAK=1094.2 A/B=0.7 TOO CLOSE, 
2022-11-22 15:05:57 24 stars of 28 completed...
2022-11-22 15:05:57 #RUN:  15 / 44
2022-11-22 15:05:57 #IMAGE/DATE-OBS: wobject-000137 [2048, 2048] 2018-03-26T15:19:54
2022-11-22 15:05:57 #OBJECT/EXPTIME/FILTER: hat-p-12b 200.0 R
2022-11-22 15:05:57 #IMAGE STATS: 2461.26 (53.34)
2022-11-22 15:05:58  - NUMBER of detected stars: 31
2022-11-22 15:05:59 wobject-000137 1164 323 [FAIL] FWHM=5.6" PEAK=383.5 A/B=0.8 TOO CLOSE, 
2022-11-22 15:05:59 wobject-000137 270 590 [FAIL] FWHM=0.9" PEAK=4921.6 A/B=0.4 TOO LARGE/SMALL, 
2022-11-22 15:05:59 wobject-000137 1656 1107 [FAIL] FWHM=0.5" PEAK=8524.8 A/B=0.9 TOO LARGE/SMALL, 
2022-11-22 15:05:59 wobject-000137 1895 1509 [FAIL] FWHM=5.5" PEAK=380.9 A/B=0.7 TOO CLOSE, 
2022-11-22 15:05:59 wobject-000137 1883 1707 [FAIL] FWHM=5.7" PEAK=1160.1 A/B=0.7 TOO CLOSE, 
2022-11-22 15:06:00 25 stars of 31 completed...
2022-11-22 15:06:00 #RUN:  16 / 44
2022-11-22 15:06:00 #IMAGE/DATE-OBS: wobject-000138 [2048, 2048] 2018-03-26T15:23:21
2022-11-22 15:06:00 #OBJECT/EXPTIME/FILTER: hat-p-12b 200.0 R
2022-11-22 15:06:00 #IMAGE STATS: 2441.29 (53.09)
2022-11-22 15:06:01  - NUMBER of detected stars: 29
2022-11-22 15:06:02 wobject-000138 1235 108 [FAIL] FWHM=5.8" PEAK=391.1 A/B=0.9 TOO CLOSE, 
2022-11-22 15:06:02 wobject-000138 995 286 [FAIL] FWHM=5.5" PEAK=444.8 A/B=0.8 TOO CLOSE, 
2022-11-22 15:06:02 wobject-000138 327 476 [FAIL] FWHM=6.0" PEAK=1683.9 A/B=0.7 TOO CLOSE, 
2022-11-22 15:06:02 wobject-000138 1896 1509 [FAIL] FWHM=5.5" PEAK=396.2 A/B=0.7 TOO CLOSE, 
2022-11-22 15:06:03 24 stars of 29 completed...
2022-11-22 15:06:03 #RUN:  17 / 44
2022-11-22 15:06:03 #IMAGE/DATE-OBS: wobject-000139 [2048, 2048] 2018-03-26T15:26:48
2022-11-22 15:06:03 #OBJECT/EXPTIME/FILTER: hat-p-12b 200.0 R
2022-11-22 15:06:03 #IMAGE STATS: 2432.70 (53.02)
2022-11-22 15:06:04  - NUMBER of detected stars: 30
2022-11-22 15:06:04 wobject-000139 1334 69 [FAIL] FWHM=5.9" PEAK=22630.2 A/B=0.9 TOO CLOSE, 
2022-11-22 15:06:05 wobject-000139 989 286 [FAIL] FWHM=5.8" PEAK=392.3 A/B=0.8 TOO CLOSE, 
2022-11-22 15:06:05 wobject-000139 1158 324 [FAIL] FWHM=5.7" PEAK=349.9 A/B=0.9 TOO CLOSE, 
2022-11-22 15:06:05 wobject-000139 1359 403 [FAIL] FWHM=5.6" PEAK=795.0 A/B=0.8 TOO CLOSE, 
2022-11-22 15:06:05 wobject-000139 239 434 [FAIL] FWHM=6.3" PEAK=378.2 A/B=0.7 TOO CLOSE, 
2022-11-22 15:06:05 wobject-000139 239 434 [FAIL] FWHM=6.3" PEAK=378.1 A/B=0.7 TOO CLOSE, 
2022-11-22 15:06:05 24 stars of 30 completed...
2022-11-22 15:06:05 #RUN:  18 / 44
2022-11-22 15:06:05 #IMAGE/DATE-OBS: wobject-000141 [2048, 2048] 2018-03-26T15:33:41
2022-11-22 15:06:05 #OBJECT/EXPTIME/FILTER: hat-p-12b 200.0 R
2022-11-22 15:06:06 #IMAGE STATS: 2374.66 (52.41)
2022-11-22 15:06:06  - NUMBER of detected stars: 25
2022-11-22 15:06:07 wobject-000141 1230 110 [FAIL] FWHM=6.1" PEAK=348.0 A/B=0.8 TOO CLOSE, 
2022-11-22 15:06:07 wobject-000141 907 419 [FAIL] FWHM=0.5" PEAK=4472.4 A/B=0.9 TOO LARGE/SMALL, 
2022-11-22 15:06:08 23 stars of 25 completed...
2022-11-22 15:06:08 #RUN:  19 / 44
2022-11-22 15:06:08 #IMAGE/DATE-OBS: wobject-000143 [2048, 2048] 2018-03-26T15:40:34
2022-11-22 15:06:08 #OBJECT/EXPTIME/FILTER: hat-p-12b 200.0 R
2022-11-22 15:06:08 #IMAGE STATS: 2384.26 (52.50)
2022-11-22 15:06:09  - NUMBER of detected stars: 29
2022-11-22 15:06:10 wobject-000143 1233 110 [FAIL] FWHM=6.0" PEAK=358.1 A/B=0.8 TOO CLOSE, 
2022-11-22 15:06:10 wobject-000143 1483 318 [FAIL] FWHM=0.5" PEAK=3286.6 A/B=0.9 TOO LARGE/SMALL, 
2022-11-22 15:06:10 wobject-000143 1162 326 [FAIL] FWHM=5.6" PEAK=365.6 A/B=0.9 TOO CLOSE, 
2022-11-22 15:06:10 wobject-000143 243 436 [FAIL] FWHM=6.4" PEAK=361.3 A/B=0.7 TOO CLOSE, 
2022-11-22 15:06:11 wobject-000143 89 1946 [FAIL] FWHM=1.3" PEAK=3082.7 A/B=0.3 TOO LARGE/SMALL, 
2022-11-22 15:06:11 24 stars of 29 completed...
2022-11-22 15:06:11 #RUN:  20 / 44
2022-11-22 15:06:11 #IMAGE/DATE-OBS: wobject-000145 [2048, 2048] 2018-03-26T15:47:27
2022-11-22 15:06:11 #OBJECT/EXPTIME/FILTER: hat-p-12b 200.0 R
2022-11-22 15:06:11 #IMAGE STATS: 2369.52 (52.42)
2022-11-22 15:06:12  - NUMBER of detected stars: 30
2022-11-22 15:06:13 wobject-000145 1337 66 [FAIL] FWHM=6.0" PEAK=22293.0 A/B=0.9 TOO CLOSE, 
2022-11-22 15:06:13 wobject-000145 1231 106 [FAIL] FWHM=6.0" PEAK=351.0 A/B=0.9 TOO CLOSE, 
2022-11-22 15:06:13 wobject-000145 1777 602 [FAIL] FWHM=5.7" PEAK=6133.7 A/B=0.8 TOO CLOSE, 
2022-11-22 15:06:13 wobject-000145 1182 698 [FAIL] FWHM=0.5" PEAK=2925.9 A/B=0.9 TOO LARGE/SMALL, 
2022-11-22 15:06:13 wobject-000145 1892 1507 [FAIL] FWHM=5.7" PEAK=346.1 A/B=0.7 TOO CLOSE, 
2022-11-22 15:06:13 wobject-000145 1380 1705 [FAIL] FWHM=5.5" PEAK=422.7 A/B=0.7 TOO CLOSE, 
2022-11-22 15:06:14 24 stars of 30 completed...
2022-11-22 15:06:14 #RUN:  21 / 44
2022-11-22 15:06:14 #IMAGE/DATE-OBS: wobject-000147 [2048, 2048] 2018-03-26T15:54:20
2022-11-22 15:06:14 #OBJECT/EXPTIME/FILTER: hat-p-12b 200.0 R
2022-11-22 15:06:14 #IMAGE STATS: 2342.30 (52.11)
2022-11-22 15:06:15  - NUMBER of detected stars: 44
2022-11-22 15:06:17 wobject-000147 1339 67 [FAIL] FWHM=6.0" PEAK=22872.0 A/B=0.9 TOO CLOSE, 
2022-11-22 15:06:17 wobject-000147 1233 107 [FAIL] FWHM=6.0" PEAK=368.5 A/B=0.8 TOO CLOSE, 
2022-11-22 15:06:17 wobject-000147 274 231 [FAIL] FWHM=0.8" PEAK=5594.4 A/B=0.7 TOO LARGE/SMALL, 
2022-11-22 15:06:17 wobject-000147 993 285 [FAIL] FWHM=5.8" PEAK=405.6 A/B=0.8 TOO CLOSE, 
2022-11-22 15:06:17 wobject-000147 1163 323 [FAIL] FWHM=5.8" PEAK=363.9 A/B=0.8 TOO CLOSE, 
2022-11-22 15:06:17 wobject-000147 1043 383 [FAIL] FWHM=5.7" PEAK=7564.7 A/B=0.8 TOO CLOSE, 
2022-11-22 15:06:17 wobject-000147 1364 401 [FAIL] FWHM=5.7" PEAK=808.0 A/B=0.8 TOO CLOSE, 
2022-11-22 15:06:17 wobject-000147 243 432 [FAIL] FWHM=6.6" PEAK=369.7 A/B=0.7 TOO CLOSE, 
2022-11-22 15:06:17 wobject-000147 326 475 [FAIL] FWHM=6.3" PEAK=1576.1 A/B=0.7 TOO CLOSE, 
2022-11-22 15:06:17 wobject-000147 1779 603 [FAIL] FWHM=5.8" PEAK=6338.2 A/B=0.8 TOO CLOSE, 
2022-11-22 15:06:17 wobject-000147 1181 969 [FAIL] FWHM=5.3" PEAK=979.2 A/B=0.7 TOO CLOSE, 
2022-11-22 15:06:17 wobject-000147 1952 1310 [FAIL] FWHM=5.8" PEAK=2301.7 A/B=0.7 TOO CLOSE, 
2022-11-22 15:06:17 wobject-000147 1438 1351 [FAIL] FWHM=5.5" PEAK=380.9 A/B=0.7 TOO CLOSE, 
2022-11-22 15:06:17 wobject-000147 1382 1705 [FAIL] FWHM=5.3" PEAK=452.6 A/B=0.7 TOO CLOSE, 
2022-11-22 15:06:17 wobject-000147 1882 1706 [FAIL] FWHM=5.8" PEAK=1113.4 A/B=0.7 TOO CLOSE, 
2022-11-22 15:06:17 wobject-000147 1657 1815 [FAIL] FWHM=5.7" PEAK=21251.1 A/B=0.7 TOO CLOSE, 
2022-11-22 15:06:17 wobject-000147 1329 1842 [FAIL] FWHM=5.5" PEAK=2229.3 A/B=0.7 TOO CLOSE, 
2022-11-22 15:06:17 26 stars of 44 completed...
2022-11-22 15:06:17 #RUN:  22 / 44
2022-11-22 15:06:17 #IMAGE/DATE-OBS: wobject-000149 [2048, 2048] 2018-03-26T16:01:13
2022-11-22 15:06:17 #OBJECT/EXPTIME/FILTER: hat-p-12b 200.0 R
2022-11-22 15:06:18 #IMAGE STATS: 2339.21 (52.04)
2022-11-22 15:06:19  - NUMBER of detected stars: 37
2022-11-22 15:06:19 wobject-000149 1340 68 [FAIL] FWHM=6.1" PEAK=21888.6 A/B=0.9 TOO CLOSE, 
2022-11-22 15:06:19 wobject-000149 1235 108 [FAIL] FWHM=6.0" PEAK=350.3 A/B=0.9 TOO CLOSE, 
2022-11-22 15:06:19 wobject-000149 995 286 [FAIL] FWHM=5.9" PEAK=393.8 A/B=0.8 TOO CLOSE, 
2022-11-22 15:06:19 wobject-000149 1165 324 [FAIL] FWHM=6.1" PEAK=330.0 A/B=0.8 TOO CLOSE, 
2022-11-22 15:06:19 wobject-000149 1045 384 [FAIL] FWHM=5.8" PEAK=7179.7 A/B=0.8 TOO CLOSE, 
2022-11-22 15:06:19 wobject-000149 1365 403 [FAIL] FWHM=5.8" PEAK=773.6 A/B=0.8 TOO CLOSE, 
2022-11-22 15:06:19 wobject-000149 245 433 [FAIL] FWHM=6.6" PEAK=339.9 A/B=0.7 TOO CLOSE, 
2022-11-22 15:06:19 wobject-000149 245 433 [FAIL] FWHM=6.6" PEAK=339.8 A/B=0.7 TOO CLOSE, 
2022-11-22 15:06:19 wobject-000149 328 476 [FAIL] FWHM=6.4" PEAK=1488.9 A/B=0.7 TOO CLOSE, 
2022-11-22 15:06:20 wobject-000149 1183 970 [FAIL] FWHM=5.5" PEAK=907.0 A/B=0.7 TOO CLOSE, 
2022-11-22 15:06:20 wobject-000149 1440 1352 [FAIL] FWHM=5.5" PEAK=371.4 A/B=0.7 TOO CLOSE, 
2022-11-22 15:06:20 wobject-000149 1884 1707 [FAIL] FWHM=5.9" PEAK=1070.5 A/B=0.7 TOO CLOSE, 
2022-11-22 15:06:20 wobject-000149 1331 1843 [FAIL] FWHM=5.6" PEAK=2103.1 A/B=0.7 TOO CLOSE, 
2022-11-22 15:06:20 22 stars of 37 completed...
2022-11-22 15:06:20 #RUN:  23 / 44
2022-11-22 15:06:20 #IMAGE/DATE-OBS: wobject-000151 [2048, 2048] 2018-03-26T16:08:06
2022-11-22 15:06:20 #OBJECT/EXPTIME/FILTER: hat-p-12b 200.0 R
2022-11-22 15:06:20 #IMAGE STATS: 2301.86 (51.73)
2022-11-22 15:06:21  - NUMBER of detected stars: 34
2022-11-22 15:06:22 wobject-000151 1237 108 [FAIL] FWHM=6.0" PEAK=353.1 A/B=0.9 TOO CLOSE, 
2022-11-22 15:06:22 wobject-000151 1237 108 [FAIL] FWHM=6.0" PEAK=353.5 A/B=0.9 TOO CLOSE, 
2022-11-22 15:06:22 wobject-000151 1167 324 [FAIL] FWHM=5.7" PEAK=347.2 A/B=0.9 TOO CLOSE, 
2022-11-22 15:06:22 wobject-000151 369 645 [FAIL] FWHM=0.5" PEAK=9162.2 A/B=0.8 TOO LARGE/SMALL, 
2022-11-22 15:06:22 wobject-000151 214 996 [FAIL] FWHM=0.6" PEAK=14829.1 A/B=0.8 TOO LARGE/SMALL, 
2022-11-22 15:06:22 wobject-000151 747 1113 [FAIL] FWHM=1.4" PEAK=24894.8 A/B=0.1 TOO LARGE/SMALL, TOO OVAL, 
2022-11-22 15:06:22 wobject-000151 1898 1509 [FAIL] FWHM=5.8" PEAK=341.5 A/B=0.8 TOO CLOSE, 
2022-11-22 15:06:23 wobject-000151 1886 1708 [FAIL] FWHM=5.9" PEAK=1045.1 A/B=0.7 TOO CLOSE, 
2022-11-22 15:06:23 25 stars of 34 completed...
2022-11-22 15:06:23 #RUN:  24 / 44
2022-11-22 15:06:23 #IMAGE/DATE-OBS: wobject-000153 [2048, 2048] 2018-03-26T16:14:59
2022-11-22 15:06:23 #OBJECT/EXPTIME/FILTER: hat-p-12b 200.0 R
2022-11-22 15:06:23 #IMAGE STATS: 2275.18 (51.37)
2022-11-22 15:06:24  - NUMBER of detected stars: 34
2022-11-22 15:06:25 wobject-000153 1341 69 [FAIL] FWHM=6.2" PEAK=20975.6 A/B=0.8 TOO CLOSE, 
2022-11-22 15:06:25 wobject-000153 1166 325 [FAIL] FWHM=6.1" PEAK=327.4 A/B=0.8 TOO CLOSE, 
2022-11-22 15:06:25 wobject-000153 329 478 [FAIL] FWHM=6.5" PEAK=1428.0 A/B=0.7 TOO CLOSE, 
2022-11-22 15:06:25 wobject-000153 1782 605 [FAIL] FWHM=6.0" PEAK=5742.0 A/B=0.8 TOO CLOSE, 
2022-11-22 15:06:25 wobject-000153 1266 730 [FAIL] FWHM=5.7" PEAK=18497.9 A/B=0.8 TOO CLOSE, 
2022-11-22 15:06:25 wobject-000153 1954 1313 [FAIL] FWHM=6.0" PEAK=2056.2 A/B=0.7 TOO CLOSE, 
2022-11-22 15:06:25 wobject-000153 1441 1353 [FAIL] FWHM=5.6" PEAK=345.0 A/B=0.7 TOO CLOSE, 
2022-11-22 15:06:25 wobject-000153 1493 1460 [FAIL] FWHM=5.7" PEAK=18094.0 A/B=0.7 TOO CLOSE, 
2022-11-22 15:06:25 wobject-000153 1385 1708 [FAIL] FWHM=5.7" PEAK=384.5 A/B=0.7 TOO CLOSE, 
2022-11-22 15:06:25 wobject-000153 1885 1708 [FAIL] FWHM=6.0" PEAK=995.1 A/B=0.7 TOO CLOSE, 
2022-11-22 15:06:25 wobject-000153 1660 1818 [FAIL] FWHM=5.9" PEAK=18966.2 A/B=0.7 TOO CLOSE, 
2022-11-22 15:06:26 22 stars of 34 completed...
2022-11-22 15:06:26 #RUN:  25 / 44
2022-11-22 15:06:26 #IMAGE/DATE-OBS: wobject-000155 [2048, 2048] 2018-03-26T16:21:51
2022-11-22 15:06:26 #OBJECT/EXPTIME/FILTER: hat-p-12b 200.0 R
2022-11-22 15:06:26 #IMAGE STATS: 2214.76 (50.81)
2022-11-22 15:06:27  - NUMBER of detected stars: 31
2022-11-22 15:06:27 wobject-000155 1343 69 [FAIL] FWHM=6.1" PEAK=21948.3 A/B=0.8 TOO CLOSE, 
2022-11-22 15:06:27 wobject-000155 998 287 [FAIL] FWHM=5.9" PEAK=391.2 A/B=0.8 TOO CLOSE, 
2022-11-22 15:06:27 wobject-000155 330 478 [FAIL] FWHM=6.4" PEAK=1495.9 A/B=0.7 TOO CLOSE, 
2022-11-22 15:06:27 wobject-000155 1956 1313 [FAIL] FWHM=5.9" PEAK=2182.6 A/B=0.7 TOO CLOSE, 
2022-11-22 15:06:27 wobject-000155 1443 1353 [FAIL] FWHM=5.5" PEAK=357.6 A/B=0.7 TOO CLOSE, 
2022-11-22 15:06:27 wobject-000155 1886 1708 [FAIL] FWHM=5.9" PEAK=1045.1 A/B=0.7 TOO CLOSE, 
2022-11-22 15:06:28 24 stars of 31 completed...
2022-11-22 15:06:28 #RUN:  26 / 44
2022-11-22 15:06:28 #IMAGE/DATE-OBS: wobject-000157 [2048, 2048] 2018-03-26T16:28:44
2022-11-22 15:06:28 #OBJECT/EXPTIME/FILTER: hat-p-12b 200.0 R
2022-11-22 15:06:28 #IMAGE STATS: 2153.06 (50.13)
2022-11-22 15:06:29  - NUMBER of detected stars: 49
2022-11-22 15:06:30 wobject-000157 1561 63 [FAIL] FWHM=0.5" PEAK=9575.9 A/B=0.8 TOO LARGE/SMALL, 
2022-11-22 15:06:30 wobject-000157 1345 69 [FAIL] FWHM=6.3" PEAK=21427.2 A/B=0.8 TOO CLOSE, 
2022-11-22 15:06:30 wobject-000157 1560 70 [FAIL] FWHM=1.0" PEAK=3488.1 A/B=0.4 TOO LARGE/SMALL, 
2022-11-22 15:06:30 wobject-000157 1345 69 [FAIL] FWHM=6.3" PEAK=21437.5 A/B=0.8 TOO CLOSE, 
2022-11-22 15:06:30 wobject-000157 1240 109 [FAIL] FWHM=6.3" PEAK=345.8 A/B=0.8 TOO CLOSE, 
2022-11-22 15:06:30 wobject-000157 1240 109 [FAIL] FWHM=6.3" PEAK=345.6 A/B=0.8 TOO CLOSE, 
2022-11-22 15:06:30 wobject-000157 1000 287 [FAIL] FWHM=6.1" PEAK=368.2 A/B=0.8 TOO CLOSE, 
2022-11-22 15:06:30 wobject-000157 1050 385 [FAIL] FWHM=6.0" PEAK=6999.0 A/B=0.8 TOO CLOSE, 
2022-11-22 15:06:30 wobject-000157 1370 404 [FAIL] FWHM=6.0" PEAK=745.9 A/B=0.8 TOO CLOSE, 
2022-11-22 15:06:30 wobject-000157 250 434 [FAIL] FWHM=6.7" PEAK=357.2 A/B=0.7 TOO CLOSE, 
2022-11-22 15:06:30 wobject-000157 332 478 [FAIL] FWHM=6.5" PEAK=1460.2 A/B=0.7 TOO CLOSE, 
2022-11-22 15:06:30 wobject-000157 1270 730 [FAIL] FWHM=5.7" PEAK=19073.0 A/B=0.7 TOO CLOSE, 
2022-11-22 15:06:30 wobject-000157 995 799 [FAIL] FWHM=5.7" PEAK=1122.2 A/B=0.7 TOO CLOSE, 
2022-11-22 15:06:31 wobject-000157 1188 972 [FAIL] FWHM=5.6" PEAK=891.5 A/B=0.7 TOO CLOSE, 
2022-11-22 15:06:31 wobject-000157 1034 1032 [FAIL] FWHM=5.6" PEAK=31542.9 A/B=0.7 TOO CLOSE, 
2022-11-22 15:06:31 wobject-000157 1296 1292 [FAIL] FWHM=5.6" PEAK=1765.9 A/B=0.7 TOO CLOSE, 
2022-11-22 15:06:31 wobject-000157 1958 1313 [FAIL] FWHM=6.1" PEAK=2123.3 A/B=0.7 TOO CLOSE, 
2022-11-22 15:06:31 wobject-000157 702 1353 [FAIL] FWHM=0.5" PEAK=8428.5 A/B=0.9 TOO LARGE/SMALL, 
2022-11-22 15:06:31 wobject-000157 1445 1353 [FAIL] FWHM=5.5" PEAK=360.7 A/B=0.7 TOO CLOSE, 
2022-11-22 15:06:31 wobject-000157 1497 1460 [FAIL] FWHM=5.7" PEAK=18674.1 A/B=0.7 TOO CLOSE, 
2022-11-22 15:06:31 wobject-000157 1901 1510 [FAIL] FWHM=6.0" PEAK=331.6 A/B=0.7 TOO CLOSE, 
2022-11-22 15:06:31 wobject-000157 1889 1709 [FAIL] FWHM=6.1" PEAK=1031.2 A/B=0.7 TOO CLOSE, 
2022-11-22 15:06:31 wobject-000157 1389 1708 [FAIL] FWHM=5.7" PEAK=410.5 A/B=0.7 TOO CLOSE, 
2022-11-22 15:06:31 wobject-000157 1664 1818 [FAIL] FWHM=5.9" PEAK=19510.9 A/B=0.7 TOO CLOSE, 
2022-11-22 15:06:31 wobject-000157 1335 1845 [FAIL] FWHM=5.8" PEAK=2043.0 A/B=0.7 TOO CLOSE, 
2022-11-22 15:06:31 24 stars of 49 completed...
2022-11-22 15:06:31 #RUN:  27 / 44
2022-11-22 15:06:31 #IMAGE/DATE-OBS: wobject-000159 [2048, 2048] 2018-03-26T16:35:37
2022-11-22 15:06:31 #OBJECT/EXPTIME/FILTER: hat-p-12b 200.0 R
2022-11-22 15:06:32 #IMAGE STATS: 2137.73 (49.87)
2022-11-22 15:06:32  - NUMBER of detected stars: 42
2022-11-22 15:06:33 wobject-000159 1340 60 [FAIL] FWHM=5.9" PEAK=23470.9 A/B=0.9 TOO CLOSE, 
2022-11-22 15:06:33 wobject-000159 1235 100 [FAIL] FWHM=5.9" PEAK=377.3 A/B=0.9 TOO CLOSE, 
2022-11-22 15:06:33 wobject-000159 1165 316 [FAIL] FWHM=5.4" PEAK=377.0 A/B=0.9 TOO CLOSE, 
2022-11-22 15:06:34 wobject-000159 1781 596 [FAIL] FWHM=5.6" PEAK=6527.5 A/B=0.8 TOO CLOSE, 
2022-11-22 15:06:34 wobject-000159 444 663 [FAIL] FWHM=0.6" PEAK=13598.9 A/B=0.4 TOO LARGE/SMALL, 
2022-11-22 15:06:34 wobject-000159 1183 962 [FAIL] FWHM=5.3" PEAK=981.6 A/B=0.7 TOO CLOSE, 
2022-11-22 15:06:34 wobject-000159 54 1225 [FAIL] FWHM=0.5" PEAK=7879.7 A/B=1.0 TOO LARGE/SMALL, 
2022-11-22 15:06:34 wobject-000159 1291 1283 [FAIL] FWHM=5.2" PEAK=1962.3 A/B=0.7 TOO CLOSE, 
2022-11-22 15:06:34 wobject-000159 1953 1303 [FAIL] FWHM=5.6" PEAK=2368.2 A/B=0.7 TOO CLOSE, 
2022-11-22 15:06:34 wobject-000159 1492 1451 [FAIL] FWHM=5.3" PEAK=20803.4 A/B=0.7 TOO CLOSE, 
2022-11-22 15:06:34 wobject-000159 1896 1501 [FAIL] FWHM=5.6" PEAK=390.9 A/B=0.7 TOO CLOSE, 
2022-11-22 15:06:34 wobject-000159 124 1597 [FAIL] FWHM=6.2" PEAK=325.8 A/B=0.7 TOO CLOSE, 
2022-11-22 15:06:34 wobject-000159 1884 1699 [FAIL] FWHM=5.6" PEAK=1142.8 A/B=0.7 TOO CLOSE, 
2022-11-22 15:06:34 wobject-000159 1659 1809 [FAIL] FWHM=5.5" PEAK=21914.9 A/B=0.7 TOO CLOSE, 
2022-11-22 15:06:34 wobject-000159 1507 1825 [FAIL] FWHM=0.7" PEAK=1725.3 A/B=0.7 TOO LARGE/SMALL, 
2022-11-22 15:06:34 26 stars of 42 completed...
2022-11-22 15:06:34 #RUN:  28 / 44
2022-11-22 15:06:34 #IMAGE/DATE-OBS: wobject-000161 [2048, 2048] 2018-03-26T16:42:30
2022-11-22 15:06:34 #OBJECT/EXPTIME/FILTER: hat-p-12b 200.0 R
2022-11-22 15:06:35 #IMAGE STATS: 2103.30 (49.60)
2022-11-22 15:06:35  - NUMBER of detected stars: 27
2022-11-22 15:06:36 wobject-000161 1363 960 [FAIL] FWHM=1.2" PEAK=1879.6 A/B=0.4 TOO LARGE/SMALL, 
2022-11-22 15:06:37 25 stars of 27 completed...
2022-11-22 15:06:37 #RUN:  29 / 44
2022-11-22 15:06:37 #IMAGE/DATE-OBS: wobject-000162 [2048, 2048] 2018-03-26T16:45:57
2022-11-22 15:06:37 #OBJECT/EXPTIME/FILTER: hat-p-12b 200.0 R
2022-11-22 15:06:37 #IMAGE STATS: 2079.68 (49.29)
2022-11-22 15:06:38  - NUMBER of detected stars: 32
2022-11-22 15:06:39 wobject-000162 1238 100 [FAIL] FWHM=6.3" PEAK=318.4 A/B=0.8 TOO CLOSE, 
2022-11-22 15:06:39 wobject-000162 1238 100 [FAIL] FWHM=6.3" PEAK=318.3 A/B=0.8 TOO CLOSE, 
2022-11-22 15:06:39 wobject-000162 998 278 [FAIL] FWHM=5.8" PEAK=356.2 A/B=0.9 TOO CLOSE, 
2022-11-22 15:06:39 wobject-000162 1957 1303 [FAIL] FWHM=6.1" PEAK=1967.3 A/B=0.7 TOO CLOSE, 
2022-11-22 15:06:39 wobject-000162 1444 1344 [FAIL] FWHM=5.7" PEAK=312.9 A/B=0.7 TOO CLOSE, 
2022-11-22 15:06:39 wobject-000162 1887 1699 [FAIL] FWHM=6.0" PEAK=963.3 A/B=0.7 TOO CLOSE, 
2022-11-22 15:06:39 25 stars of 32 completed...
2022-11-22 15:06:39 #RUN:  30 / 44
2022-11-22 15:06:39 #IMAGE/DATE-OBS: wobject-000163 [2048, 2048] 2018-03-26T16:49:23
2022-11-22 15:06:39 #OBJECT/EXPTIME/FILTER: hat-p-12b 200.0 R
2022-11-22 15:06:40 #IMAGE STATS: 2077.49 (49.21)
2022-11-22 15:06:40  - NUMBER of detected stars: 28
2022-11-22 15:06:41 wobject-000163 1259 204 [FAIL] FWHM=0.5" PEAK=3173.2 A/B=0.9 TOO LARGE/SMALL, 
2022-11-22 15:06:41 wobject-000163 198 450 [FAIL] FWHM=0.5" PEAK=8556.0 A/B=0.9 TOO LARGE/SMALL, 
2022-11-22 15:06:41 wobject-000163 1770 1860 [FAIL] FWHM=0.4" PEAK=38187.9 A/B=0.8 TOO LARGE/SMALL, 
2022-11-22 15:06:42 25 stars of 28 completed...
2022-11-22 15:06:42 #RUN:  31 / 44
2022-11-22 15:06:42 #IMAGE/DATE-OBS: wobject-000164 [2048, 2048] 2018-03-26T16:52:50
2022-11-22 15:06:42 #OBJECT/EXPTIME/FILTER: hat-p-12b 200.0 R
2022-11-22 15:06:42 #IMAGE STATS: 2076.45 (49.27)
2022-11-22 15:06:43  - NUMBER of detected stars: 30
2022-11-22 15:06:44 wobject-000164 1170 315 [FAIL] FWHM=6.1" PEAK=306.9 A/B=0.8 TOO CLOSE, 
2022-11-22 15:06:44 wobject-000164 1371 394 [FAIL] FWHM=5.9" PEAK=675.1 A/B=0.8 TOO CLOSE, 
2022-11-22 15:06:44 wobject-000164 333 468 [FAIL] FWHM=6.6" PEAK=1323.9 A/B=0.8 TOO CLOSE, 
2022-11-22 15:06:44 wobject-000164 1959 1303 [FAIL] FWHM=6.1" PEAK=1891.0 A/B=0.7 TOO CLOSE, 
2022-11-22 15:06:44 wobject-000164 1902 1501 [FAIL] FWHM=6.0" PEAK=302.2 A/B=0.7 TOO CLOSE, 
2022-11-22 15:06:44 wobject-000164 1889 1699 [FAIL] FWHM=6.1" PEAK=920.3 A/B=0.7 TOO CLOSE, 
2022-11-22 15:06:44 24 stars of 30 completed...
2022-11-22 15:06:44 #RUN:  32 / 44
2022-11-22 15:06:44 #IMAGE/DATE-OBS: wobject-000165 [2048, 2048] 2018-03-26T16:56:16
2022-11-22 15:06:44 #OBJECT/EXPTIME/FILTER: hat-p-12b 200.0 R
2022-11-22 15:06:45 #IMAGE STATS: 2057.79 (49.09)
2022-11-22 15:06:45  - NUMBER of detected stars: 32
2022-11-22 15:06:46 wobject-000165 1241 99 [FAIL] FWHM=6.3" PEAK=328.2 A/B=0.8 TOO CLOSE, 
2022-11-22 15:06:46 wobject-000165 1241 99 [FAIL] FWHM=6.3" PEAK=328.2 A/B=0.8 TOO CLOSE, 
2022-11-22 15:06:46 wobject-000165 1001 277 [FAIL] FWHM=6.0" PEAK=363.5 A/B=0.8 TOO CLOSE, 
2022-11-22 15:06:46 wobject-000165 1171 315 [FAIL] FWHM=5.9" PEAK=330.1 A/B=0.8 TOO CLOSE, 
2022-11-22 15:06:46 wobject-000165 334 468 [FAIL] FWHM=6.3" PEAK=1429.2 A/B=0.7 TOO CLOSE, 
2022-11-22 15:06:46 wobject-000165 1665 1808 [FAIL] FWHM=5.8" PEAK=18833.3 A/B=0.7 TOO CLOSE, 
2022-11-22 15:06:47 26 stars of 32 completed...
2022-11-22 15:06:47 #RUN:  33 / 44
2022-11-22 15:06:47 #IMAGE/DATE-OBS: wobject-000166 [2048, 2048] 2018-03-26T16:59:42
2022-11-22 15:06:47 #OBJECT/EXPTIME/FILTER: hat-p-12b 200.0 R
2022-11-22 15:06:47 #IMAGE STATS: 2028.24 (48.83)
2022-11-22 15:06:48  - NUMBER of detected stars: 33
2022-11-22 15:06:49 wobject-000166 1242 98 [FAIL] FWHM=6.1" PEAK=322.3 A/B=0.9 TOO CLOSE, 
2022-11-22 15:06:49 wobject-000166 253 424 [FAIL] FWHM=6.7" PEAK=323.6 A/B=0.7 TOO CLOSE, 
2022-11-22 15:06:49 wobject-000166 1961 1302 [FAIL] FWHM=5.9" PEAK=2047.7 A/B=0.7 TOO CLOSE, 
2022-11-22 15:06:49 wobject-000166 1903 1499 [FAIL] FWHM=6.1" PEAK=326.7 A/B=0.7 TOO CLOSE, 
2022-11-22 15:06:49 wobject-000166 1391 1697 [FAIL] FWHM=5.6" PEAK=397.8 A/B=0.7 TOO CLOSE, 
2022-11-22 15:06:49 wobject-000166 1891 1698 [FAIL] FWHM=6.0" PEAK=1002.2 A/B=0.7 TOO CLOSE, 
2022-11-22 15:06:49 wobject-000166 1666 1807 [FAIL] FWHM=5.8" PEAK=18936.5 A/B=0.7 TOO CLOSE, 
2022-11-22 15:06:50 26 stars of 33 completed...
2022-11-22 15:06:50 #RUN:  34 / 44
2022-11-22 15:06:50 #IMAGE/DATE-OBS: wobject-000167 [2048, 2048] 2018-03-26T17:03:09
2022-11-22 15:06:50 #OBJECT/EXPTIME/FILTER: hat-p-12b 200.0 R
2022-11-22 15:06:50 #IMAGE STATS: 1984.19 (48.19)
2022-11-22 15:06:51  - NUMBER of detected stars: 32
2022-11-22 15:06:52 wobject-000167 1349 58 [FAIL] FWHM=6.1" PEAK=20685.7 A/B=0.9 TOO CLOSE, 
2022-11-22 15:06:52 wobject-000167 1243 98 [FAIL] FWHM=6.0" PEAK=334.7 A/B=0.9 TOO CLOSE, 
2022-11-22 15:06:52 wobject-000167 1004 276 [FAIL] FWHM=5.8" PEAK=361.9 A/B=0.9 TOO CLOSE, 
2022-11-22 15:06:52 wobject-000167 1173 314 [FAIL] FWHM=5.7" PEAK=329.5 A/B=0.9 TOO CLOSE, 
2022-11-22 15:06:52 wobject-000167 253 423 [FAIL] FWHM=6.6" PEAK=329.1 A/B=0.8 TOO CLOSE, 
2022-11-22 15:06:52 wobject-000167 1049 1774 [FAIL] FWHM=0.7" PEAK=4359.4 A/B=0.5 TOO LARGE/SMALL, 
2022-11-22 15:06:52 26 stars of 32 completed...
2022-11-22 15:06:52 #RUN:  35 / 44
2022-11-22 15:06:52 #IMAGE/DATE-OBS: wobject-000168 [2048, 2048] 2018-03-26T17:06:36
2022-11-22 15:06:52 #OBJECT/EXPTIME/FILTER: hat-p-12b 200.0 R
2022-11-22 15:06:53 #IMAGE STATS: 1948.35 (47.74)
2022-11-22 15:06:54  - NUMBER of detected stars: 35
2022-11-22 15:06:54 wobject-000168 1350 58 [FAIL] FWHM=6.1" PEAK=20660.4 A/B=0.9 TOO CLOSE, 
2022-11-22 15:06:54 wobject-000168 1244 98 [FAIL] FWHM=6.0" PEAK=338.1 A/B=0.9 TOO CLOSE, 
2022-11-22 15:06:54 wobject-000168 1174 314 [FAIL] FWHM=6.0" PEAK=316.3 A/B=0.9 TOO CLOSE, 
2022-11-22 15:06:54 wobject-000168 1174 314 [FAIL] FWHM=5.9" PEAK=316.2 A/B=0.9 TOO CLOSE, 
2022-11-22 15:06:54 wobject-000168 337 466 [FAIL] FWHM=6.3" PEAK=1413.1 A/B=0.8 TOO CLOSE, 
2022-11-22 15:06:55 wobject-000168 1193 960 [FAIL] FWHM=5.5" PEAK=859.8 A/B=0.8 TOO CLOSE, 
2022-11-22 15:06:55 wobject-000168 1963 1301 [FAIL] FWHM=5.9" PEAK=2064.1 A/B=0.7 TOO CLOSE, 
2022-11-22 15:06:55 wobject-000168 1450 1342 [FAIL] FWHM=5.5" PEAK=335.7 A/B=0.7 TOO CLOSE, 
2022-11-22 15:06:55 wobject-000168 56 1570 [FAIL] FWHM=6.4" PEAK=414.9 A/B=0.7 TOO CLOSE, 
2022-11-22 15:06:55 wobject-000168 1893 1697 [FAIL] FWHM=5.9" PEAK=1000.4 A/B=0.7 TOO CLOSE, 
2022-11-22 15:06:55 25 stars of 35 completed...
2022-11-22 15:06:55 #RUN:  36 / 44
2022-11-22 15:06:55 #IMAGE/DATE-OBS: wobject-000169 [2048, 2048] 2018-03-26T17:10:02
2022-11-22 15:06:55 #OBJECT/EXPTIME/FILTER: hat-p-12b 200.0 R
2022-11-22 15:06:56 #IMAGE STATS: 1929.55 (47.52)
2022-11-22 15:06:56  - NUMBER of detected stars: 32
2022-11-22 15:06:57 wobject-000169 1245 97 [FAIL] FWHM=5.9" PEAK=330.2 A/B=0.9 TOO CLOSE, 
2022-11-22 15:06:57 wobject-000169 290 1118 [FAIL] FWHM=0.5" PEAK=7004.8 A/B=1.0 TOO LARGE/SMALL, 
2022-11-22 15:06:57 wobject-000169 1451 1341 [FAIL] FWHM=5.4" PEAK=323.2 A/B=0.8 TOO CLOSE, 
2022-11-22 15:06:57 wobject-000169 1906 1499 [FAIL] FWHM=5.8" PEAK=319.3 A/B=0.7 TOO CLOSE, 
2022-11-22 15:06:57 wobject-000169 56 1570 [FAIL] FWHM=6.3" PEAK=402.7 A/B=0.7 TOO CLOSE, 
2022-11-22 15:06:58 27 stars of 32 completed...
2022-11-22 15:06:58 #RUN:  37 / 44
2022-11-22 15:06:58 #IMAGE/DATE-OBS: wobject-000171 [2048, 2048] 2018-03-26T17:16:55
2022-11-22 15:06:58 #OBJECT/EXPTIME/FILTER: hat-p-12b 200.0 R
2022-11-22 15:06:58 #IMAGE STATS: 1833.44 (46.38)
2022-11-22 15:06:59  - NUMBER of detected stars: 36
2022-11-22 15:07:00 wobject-000171 1247 97 [FAIL] FWHM=6.0" PEAK=338.1 A/B=0.9 TOO CLOSE, 
2022-11-22 15:07:00 wobject-000171 1247 97 [FAIL] FWHM=6.0" PEAK=338.3 A/B=0.9 TOO CLOSE, 
2022-11-22 15:07:00 wobject-000171 1008 274 [FAIL] FWHM=5.9" PEAK=374.8 A/B=0.8 TOO CLOSE, 
2022-11-22 15:07:00 wobject-000171 1177 313 [FAIL] FWHM=6.0" PEAK=326.9 A/B=0.8 TOO CLOSE, 
2022-11-22 15:07:00 wobject-000171 340 465 [FAIL] FWHM=6.3" PEAK=1438.5 A/B=0.8 TOO CLOSE, 
2022-11-22 15:07:00 wobject-000171 52 1307 [FAIL] FWHM=0.5" PEAK=5188.3 A/B=0.9 TOO LARGE/SMALL, 
2022-11-22 15:07:00 wobject-000171 286 1486 [FAIL] FWHM=0.5" PEAK=3769.8 A/B=1.0 TOO LARGE/SMALL, 
2022-11-22 15:07:00 wobject-000171 1896 1696 [FAIL] FWHM=5.9" PEAK=997.9 A/B=0.7 TOO CLOSE, 
2022-11-22 15:07:00 wobject-000171 1154 1942 [FAIL] FWHM=1.7" PEAK=1263.9 A/B=0.2 TOO LARGE/SMALL, TOO OVAL, 
2022-11-22 15:07:00 wobject-000171 1065 1971 [FAIL] FWHM=3.5" PEAK=3877.8 A/B=0.1 TOO OVAL, 
2022-11-22 15:07:01 26 stars of 36 completed...
2022-11-22 15:07:01 #RUN:  38 / 44
2022-11-22 15:07:01 #IMAGE/DATE-OBS: wobject-000174 [2048, 2048] 2018-03-26T17:27:15
2022-11-22 15:07:01 #OBJECT/EXPTIME/FILTER: hat-p-12b 200.0 R
2022-11-22 15:07:01 #IMAGE STATS: 1705.69 (44.62)
2022-11-22 15:07:02  - NUMBER of detected stars: 28
2022-11-22 15:07:03 wobject-000174 1657 598 [FAIL] FWHM=0.6" PEAK=16104.2 A/B=0.3 TOO LARGE/SMALL, 
2022-11-22 15:07:03 27 stars of 28 completed...
2022-11-22 15:07:03 #RUN:  39 / 44
2022-11-22 15:07:03 #IMAGE/DATE-OBS: wobject-000177 [2048, 2048] 2018-03-26T17:37:34
2022-11-22 15:07:03 #OBJECT/EXPTIME/FILTER: hat-p-12b 200.0 R
2022-11-22 15:07:03 #IMAGE STATS: 1554.01 (42.61)
2022-11-22 15:07:04  - NUMBER of detected stars: 31
2022-11-22 15:07:05 wobject-000177 1540 1331 [FAIL] FWHM=0.6" PEAK=5038.3 A/B=0.7 TOO LARGE/SMALL, 
2022-11-22 15:07:05 wobject-000177 1068 1969 [FAIL] FWHM=5.0" PEAK=294.9 A/B=0.8 TOO CLOSE, 
2022-11-22 15:07:06 29 stars of 31 completed...
2022-11-22 15:07:06 #RUN:  40 / 44
2022-11-22 15:07:06 #IMAGE/DATE-OBS: wobject-000180 [2048, 2048] 2018-03-26T17:47:53
2022-11-22 15:07:06 #OBJECT/EXPTIME/FILTER: hat-p-12b 200.0 R
2022-11-22 15:07:06 #IMAGE STATS: 1378.57 (40.14)
2022-11-22 15:07:07  - NUMBER of detected stars: 29
2022-11-22 15:07:07 wobject-000180 1257 92 [FAIL] FWHM=5.8" PEAK=355.1 A/B=0.8 TOO CLOSE, 
2022-11-22 15:07:08 wobject-000180 147 1590 [FAIL] FWHM=5.9" PEAK=297.1 A/B=0.7 TOO CLOSE, 
2022-11-22 15:07:08 27 stars of 29 completed...
2022-11-22 15:07:08 #RUN:  41 / 44
2022-11-22 15:07:08 #IMAGE/DATE-OBS: wobject-000183 [2048, 2048] 2018-03-26T17:58:12
2022-11-22 15:07:08 #OBJECT/EXPTIME/FILTER: hat-p-12b 200.0 R
2022-11-22 15:07:08 #IMAGE STATS: 1191.31 (37.38)
2022-11-22 15:07:09  - NUMBER of detected stars: 29
2022-11-22 15:07:10 wobject-000183 1287 1043 [FAIL] FWHM=0.7" PEAK=5763.3 A/B=0.7 TOO LARGE/SMALL, 
2022-11-22 15:07:10 wobject-000183 1270 1894 [FAIL] FWHM=0.6" PEAK=3971.8 A/B=0.7 TOO LARGE/SMALL, 
2022-11-22 15:07:10 27 stars of 29 completed...
2022-11-22 15:07:10 #RUN:  42 / 44
2022-11-22 15:07:10 #IMAGE/DATE-OBS: wobject-000186 [2048, 2048] 2018-03-26T18:08:32
2022-11-22 15:07:10 #OBJECT/EXPTIME/FILTER: hat-p-12b 200.0 R
2022-11-22 15:07:11 #IMAGE STATS: 975.22 (34.06)
2022-11-22 15:07:12  - NUMBER of detected stars: 33
2022-11-22 15:07:13 wobject-000186 935 135 [FAIL] FWHM=1.2" PEAK=2844.8 A/B=0.4 TOO LARGE/SMALL, 
2022-11-22 15:07:13 wobject-000186 129 174 [FAIL] FWHM=0.6" PEAK=9356.1 A/B=0.8 TOO LARGE/SMALL, 
2022-11-22 15:07:13 wobject-000186 1465 774 [FAIL] FWHM=1.4" PEAK=3967.4 A/B=0.4 TOO LARGE/SMALL, 
2022-11-22 15:07:13 wobject-000186 1237 940 [FAIL] FWHM=0.6" PEAK=28490.4 A/B=0.6 TOO LARGE/SMALL, 
2022-11-22 15:07:13 wobject-000186 385 1229 [FAIL] FWHM=0.9" PEAK=1079.7 A/B=0.5 TOO LARGE/SMALL, 
2022-11-22 15:07:13 28 stars of 33 completed...
2022-11-22 15:07:13 #RUN:  43 / 44
2022-11-22 15:07:13 #IMAGE/DATE-OBS: wobject-000189 [2048, 2048] 2018-03-26T18:18:52
2022-11-22 15:07:13 #OBJECT/EXPTIME/FILTER: hat-p-12b 200.0 R
2022-11-22 15:07:14 #IMAGE STATS: 790.57 (30.88)
2022-11-22 15:07:14  - NUMBER of detected stars: 33
2022-11-22 15:07:15 wobject-000189 602 449 [FAIL] FWHM=0.9" PEAK=6578.6 A/B=0.2 TOO LARGE/SMALL, TOO OVAL, 
2022-11-22 15:07:16 wobject-000189 1621 1599 [FAIL] FWHM=0.5" PEAK=3394.1 A/B=1.0 TOO LARGE/SMALL, 
2022-11-22 15:07:16 wobject-000189 1753 1816 [FAIL] FWHM=0.5" PEAK=8186.2 A/B=1.0 TOO LARGE/SMALL, 
2022-11-22 15:07:16 30 stars of 33 completed...
2022-11-22 15:07:16 #RUN:  44 / 44
2022-11-22 15:07:16 #IMAGE/DATE-OBS: wobject-000192 [2048, 2048] 2018-03-26T18:29:11
2022-11-22 15:07:16 #OBJECT/EXPTIME/FILTER: hat-p-12b 200.0 R
2022-11-22 15:07:17 #IMAGE STATS: 673.35 (28.87)
2022-11-22 15:07:17  - NUMBER of detected stars: 34
2022-11-22 15:07:18 wobject-000192 1192 297 [FAIL] FWHM=5.3" PEAK=320.6 A/B=0.9 TOO CLOSE, 
2022-11-22 15:07:18 wobject-000192 1920 691 [FAIL] FWHM=1.2" PEAK=3218.4 A/B=0.3 TOO LARGE/SMALL, TOO OVAL, 
2022-11-22 15:07:18 wobject-000192 1548 1165 [FAIL] FWHM=0.5" PEAK=5140.9 A/B=1.0 TOO LARGE/SMALL, 
2022-11-22 15:07:18 wobject-000192 605 1797 [FAIL] FWHM=2.1" PEAK=1377.8 A/B=0.2 TOO OVAL, 
2022-11-22 15:07:19 30 stars of 34 completed...
2022-11-22 15:18:33 #WORK: run_photometry
2022-11-22 15:18:33 #WORK DIR: ./180326-HAT-P-12b
2022-11-22 15:18:33 #TOTAL NUMBER of FILES: 44
2022-11-22 15:18:33 #THRES = 5.0
2022-11-22 15:18:33 #SATU. LEVEL = 60000
2022-11-22 15:18:33 #PHOT_APER: [10. 20. 30.]
2022-11-22 15:18:33 #SKY_ANNUL: [30.0, 40.0]
2022-11-22 15:18:33 #SUBPIXEL: 5
2022-11-22 15:18:34 #RUN:  1 / 44
2022-11-22 15:18:34 #IMAGE/DATE-OBS: wobject-000115 [2048, 2048] 2018-03-26T14:04:06
2022-11-22 15:18:34 #OBJECT/EXPTIME/FILTER: hat-p-12b 200.0 R
2022-11-22 15:18:35 #IMAGE STATS: 3057.72 (59.18)
2022-11-22 15:18:35  - NUMBER of detected stars: 23
2022-11-22 15:18:41 wobject-000115 890 1241 [FAIL] FWHM=0.5" PEAK=5128.9 A/B=0.9 TOO LARGE/SMALL, 
2022-11-22 15:18:44 22 stars of 23 completed...
2022-11-22 15:18:44 #RUN:  2 / 44
2022-11-22 15:18:44 #IMAGE/DATE-OBS: wobject-000116 [2048, 2048] 2018-03-26T14:07:37
2022-11-22 15:18:44 #OBJECT/EXPTIME/FILTER: hat-p-12b 200.0 R
2022-11-22 15:18:44 #IMAGE STATS: 3014.46 (58.85)
2022-11-22 15:18:45  - NUMBER of detected stars: 23
2022-11-22 15:18:46 wobject-000116 1230 107 [FAIL] FWHM=5.0" PEAK=4565.6 A/B=0.0 TOO OVAL, 
2022-11-22 15:18:48 wobject-000116 598 460 [FAIL] FWHM=1.4" PEAK=1961.5 A/B=0.3 TOO LARGE/SMALL, TOO OVAL, 
2022-11-22 15:18:52 wobject-000116 1759 1555 [FAIL] FWHM=0.7" PEAK=6448.0 A/B=0.8 TOO LARGE/SMALL, 
2022-11-22 15:18:53 20 stars of 23 completed...
2022-11-22 15:18:53 #RUN:  3 / 44
2022-11-22 15:18:53 #IMAGE/DATE-OBS: wobject-000117 [2048, 2048] 2018-03-26T14:11:04
2022-11-22 15:18:53 #OBJECT/EXPTIME/FILTER: hat-p-12b 200.0 R
2022-11-22 15:18:54 #IMAGE STATS: 2981.93 (58.48)
2022-11-22 15:18:54  - NUMBER of detected stars: 18
2022-11-22 15:18:59 wobject-000117 984 1551 [FAIL] FWHM=0.5" PEAK=5034.7 A/B=0.9 TOO LARGE/SMALL, 
2022-11-22 15:19:01 17 stars of 18 completed...
2022-11-22 15:19:01 #RUN:  4 / 44
2022-11-22 15:19:01 #IMAGE/DATE-OBS: wobject-000118 [2048, 2048] 2018-03-26T14:14:30
2022-11-22 15:19:01 #OBJECT/EXPTIME/FILTER: hat-p-12b 200.0 R
2022-11-22 15:19:01 #IMAGE STATS: 2940.74 (58.07)
2022-11-22 15:19:02  - NUMBER of detected stars: 22
2022-11-22 15:19:05 wobject-000118 1463 568 [FAIL] FWHM=0.7" PEAK=4112.8 A/B=0.5 TOO LARGE/SMALL, 
2022-11-22 15:19:06 wobject-000118 1955 833 [FAIL] FWHM=0.6" PEAK=6626.3 A/B=0.7 TOO LARGE/SMALL, 
2022-11-22 15:19:10 20 stars of 22 completed...
2022-11-22 15:19:10 #RUN:  5 / 44
2022-11-22 15:19:10 #IMAGE/DATE-OBS: wobject-000121 [2048, 2048] 2018-03-26T14:24:50
2022-11-22 15:19:10 #OBJECT/EXPTIME/FILTER: hat-p-12b 200.0 R
2022-11-22 15:19:10 #IMAGE STATS: 2839.50 (57.10)
2022-11-22 15:19:11  - NUMBER of detected stars: 24
2022-11-22 15:19:14 wobject-000121 166 480 [FAIL] FWHM=0.5" PEAK=4797.2 A/B=0.9 TOO LARGE/SMALL, 
2022-11-22 15:19:19 23 stars of 24 completed...
2022-11-22 15:19:19 #RUN:  6 / 44
2022-11-22 15:19:19 #IMAGE/DATE-OBS: wobject-000124 [2048, 2048] 2018-03-26T14:35:10
2022-11-22 15:19:19 #OBJECT/EXPTIME/FILTER: hat-p-12b 200.0 R
2022-11-22 15:19:20 #IMAGE STATS: 2772.73 (56.41)
2022-11-22 15:19:21  - NUMBER of detected stars: 25
2022-11-22 15:19:22 wobject-000124 986 279 [FAIL] FWHM=6.2" PEAK=359.8 A/B=0.8 TOO CLOSE, 
2022-11-22 15:19:28 wobject-000124 1874 1701 [FAIL] FWHM=5.7" PEAK=1001.9 A/B=0.7 TOO CLOSE, 
2022-11-22 15:19:29 23 stars of 25 completed...
2022-11-22 15:19:29 #RUN:  7 / 44
2022-11-22 15:19:29 #IMAGE/DATE-OBS: wobject-000127 [2048, 2048] 2018-03-26T14:45:30
2022-11-22 15:19:29 #OBJECT/EXPTIME/FILTER: hat-p-12b 200.0 R
2022-11-22 15:19:30 #IMAGE STATS: 2665.31 (55.34)
2022-11-22 15:19:30  - NUMBER of detected stars: 25
2022-11-22 15:19:35 wobject-000127 1308 1140 [FAIL] FWHM=0.9" PEAK=4097.3 A/B=0.4 TOO LARGE/SMALL, 
2022-11-22 15:19:39 24 stars of 25 completed...
2022-11-22 15:19:39 #RUN:  8 / 44
2022-11-22 15:19:39 #IMAGE/DATE-OBS: wobject-000130 [2048, 2048] 2018-03-26T14:55:49
2022-11-22 15:19:39 #OBJECT/EXPTIME/FILTER: hat-p-12b 200.0 R
2022-11-22 15:19:40 #IMAGE STATS: 2591.56 (54.63)
2022-11-22 15:19:40  - NUMBER of detected stars: 26
2022-11-22 15:19:45 wobject-000130 1781 1041 [FAIL] FWHM=0.5" PEAK=2639.2 A/B=0.9 TOO LARGE/SMALL, 
2022-11-22 15:19:47 wobject-000130 1890 1508 [FAIL] FWHM=5.4" PEAK=362.1 A/B=0.8 TOO CLOSE, 
2022-11-22 15:19:49 24 stars of 26 completed...
2022-11-22 15:19:49 #RUN:  9 / 44
2022-11-22 15:19:49 #IMAGE/DATE-OBS: wobject-000131 [2048, 2048] 2018-03-26T14:59:16
2022-11-22 15:19:49 #OBJECT/EXPTIME/FILTER: hat-p-12b 200.0 R
2022-11-22 15:19:50 #IMAGE STATS: 2555.40 (54.30)
2022-11-22 15:19:50  - NUMBER of detected stars: 24
2022-11-22 15:19:51 wobject-000131 1230 108 [FAIL] FWHM=5.7" PEAK=373.7 A/B=0.9 TOO CLOSE, 
2022-11-22 15:19:59 23 stars of 24 completed...
2022-11-22 15:19:59 #RUN:  10 / 44
2022-11-22 15:19:59 #IMAGE/DATE-OBS: wobject-000132 [2048, 2048] 2018-03-26T15:02:42
2022-11-22 15:19:59 #OBJECT/EXPTIME/FILTER: hat-p-12b 200.0 R
2022-11-22 15:19:59 #IMAGE STATS: 2509.62 (53.82)
2022-11-22 15:20:00  - NUMBER of detected stars: 26
2022-11-22 15:20:02 wobject-000132 1160 325 [FAIL] FWHM=5.9" PEAK=342.3 A/B=0.8 TOO CLOSE, 
2022-11-22 15:20:03 wobject-000132 240 434 [FAIL] FWHM=6.8" PEAK=338.4 A/B=0.7 TOO CLOSE, 
2022-11-22 15:20:03 wobject-000132 323 477 [FAIL] FWHM=6.4" PEAK=1465.8 A/B=0.7 TOO CLOSE, 
2022-11-22 15:20:08 23 stars of 26 completed...
2022-11-22 15:20:08 #RUN:  11 / 44
2022-11-22 15:20:08 #IMAGE/DATE-OBS: wobject-000133 [2048, 2048] 2018-03-26T15:06:09
2022-11-22 15:20:08 #OBJECT/EXPTIME/FILTER: hat-p-12b 200.0 R
2022-11-22 15:20:08 #IMAGE STATS: 2498.46 (53.72)
2022-11-22 15:20:09  - NUMBER of detected stars: 23
2022-11-22 15:20:13 wobject-000133 97 779 [FAIL] FWHM=0.5" PEAK=3515.6 A/B=1.0 TOO LARGE/SMALL, 
2022-11-22 15:20:18 22 stars of 23 completed...
2022-11-22 15:20:18 #RUN:  12 / 44
2022-11-22 15:20:18 #IMAGE/DATE-OBS: wobject-000134 [2048, 2048] 2018-03-26T15:09:35
2022-11-22 15:20:18 #OBJECT/EXPTIME/FILTER: hat-p-12b 200.0 R
2022-11-22 15:20:18 #IMAGE STATS: 2511.89 (53.89)
2022-11-22 15:20:19  - NUMBER of detected stars: 21
2022-11-22 15:20:23 wobject-000134 50 1047 [FAIL] FWHM=0.8" PEAK=4174.8 A/B=0.6 TOO LARGE/SMALL, 
2022-11-22 15:20:26 20 stars of 21 completed...
2022-11-22 15:20:26 #RUN:  13 / 44
2022-11-22 15:20:26 #IMAGE/DATE-OBS: wobject-000135 [2048, 2048] 2018-03-26T15:13:01
2022-11-22 15:20:26 #OBJECT/EXPTIME/FILTER: hat-p-12b 200.0 R
2022-11-22 15:20:26 #IMAGE STATS: 2505.83 (53.77)
2022-11-22 15:20:27  - NUMBER of detected stars: 24
2022-11-22 15:20:36 24 stars of 24 completed...
2022-11-22 15:20:36 #RUN:  14 / 44
2022-11-22 15:20:36 #IMAGE/DATE-OBS: wobject-000136 [2048, 2048] 2018-03-26T15:16:28
2022-11-22 15:20:36 #OBJECT/EXPTIME/FILTER: hat-p-12b 200.0 R
2022-11-22 15:20:36 #IMAGE STATS: 2470.22 (53.46)
2022-11-22 15:20:37  - NUMBER of detected stars: 28
2022-11-22 15:20:39 wobject-000136 1754 246 [FAIL] FWHM=1.0" PEAK=-5691.7 A/B=0.1 TOO WEAK, TOO LARGE/SMALL, TOO OVAL, 
2022-11-22 15:20:41 wobject-000136 1171 761 [FAIL] FWHM=4.3" PEAK=1303.1 A/B=0.1 TOO OVAL, 
2022-11-22 15:20:44 wobject-000136 1895 1508 [FAIL] FWHM=5.9" PEAK=352.3 A/B=0.7 TOO CLOSE, 
2022-11-22 15:20:45 wobject-000136 1882 1706 [FAIL] FWHM=5.7" PEAK=1094.2 A/B=0.7 TOO CLOSE, 
2022-11-22 15:20:46 24 stars of 28 completed...
2022-11-22 15:20:46 #RUN:  15 / 44
2022-11-22 15:20:46 #IMAGE/DATE-OBS: wobject-000137 [2048, 2048] 2018-03-26T15:19:54
2022-11-22 15:20:46 #OBJECT/EXPTIME/FILTER: hat-p-12b 200.0 R
2022-11-22 15:20:47 #IMAGE STATS: 2461.26 (53.34)
2022-11-22 15:20:47  - NUMBER of detected stars: 31
2022-11-22 15:20:50 wobject-000137 1164 323 [FAIL] FWHM=5.6" PEAK=383.5 A/B=0.8 TOO CLOSE, 
2022-11-22 15:20:51 wobject-000137 270 590 [FAIL] FWHM=0.9" PEAK=4921.6 A/B=0.4 TOO LARGE/SMALL, 
2022-11-22 15:20:53 wobject-000137 1656 1107 [FAIL] FWHM=0.5" PEAK=8524.8 A/B=0.9 TOO LARGE/SMALL, 
2022-11-22 15:20:55 wobject-000137 1895 1509 [FAIL] FWHM=5.5" PEAK=380.9 A/B=0.7 TOO CLOSE, 
2022-11-22 15:20:56 wobject-000137 1883 1707 [FAIL] FWHM=5.7" PEAK=1160.1 A/B=0.7 TOO CLOSE, 
2022-11-22 15:20:57 25 stars of 31 completed...
2022-11-22 15:20:57 #RUN:  16 / 44
2022-11-22 15:20:57 #IMAGE/DATE-OBS: wobject-000138 [2048, 2048] 2018-03-26T15:23:21
2022-11-22 15:20:57 #OBJECT/EXPTIME/FILTER: hat-p-12b 200.0 R
2022-11-22 15:20:58 #IMAGE STATS: 2441.29 (53.09)
2022-11-22 15:20:59  - NUMBER of detected stars: 29
2022-11-22 15:21:00 wobject-000138 1235 108 [FAIL] FWHM=5.8" PEAK=391.1 A/B=0.9 TOO CLOSE, 
2022-11-22 15:21:00 wobject-000138 995 286 [FAIL] FWHM=5.5" PEAK=444.8 A/B=0.8 TOO CLOSE, 
2022-11-22 15:21:02 wobject-000138 327 476 [FAIL] FWHM=6.0" PEAK=1683.9 A/B=0.7 TOO CLOSE, 
2022-11-22 15:21:05 wobject-000138 1896 1509 [FAIL] FWHM=5.5" PEAK=396.2 A/B=0.7 TOO CLOSE, 
2022-11-22 15:21:07 24 stars of 29 completed...
2022-11-22 15:21:07 #RUN:  17 / 44
2022-11-22 15:21:07 #IMAGE/DATE-OBS: wobject-000139 [2048, 2048] 2018-03-26T15:26:48
2022-11-22 15:21:07 #OBJECT/EXPTIME/FILTER: hat-p-12b 200.0 R
2022-11-22 15:21:08 #IMAGE STATS: 2432.70 (53.02)
2022-11-22 15:21:08  - NUMBER of detected stars: 30
2022-11-22 15:21:09 wobject-000139 1334 69 [FAIL] FWHM=5.9" PEAK=22630.2 A/B=0.9 TOO CLOSE, 
2022-11-22 15:21:10 wobject-000139 989 286 [FAIL] FWHM=5.8" PEAK=392.3 A/B=0.8 TOO CLOSE, 
2022-11-22 15:21:10 wobject-000139 1158 324 [FAIL] FWHM=5.7" PEAK=349.9 A/B=0.9 TOO CLOSE, 
2022-11-22 15:21:11 wobject-000139 1359 403 [FAIL] FWHM=5.6" PEAK=795.0 A/B=0.8 TOO CLOSE, 
2022-11-22 15:21:11 wobject-000139 239 434 [FAIL] FWHM=6.3" PEAK=378.2 A/B=0.7 TOO CLOSE, 
2022-11-22 15:21:11 wobject-000139 239 434 [FAIL] FWHM=6.3" PEAK=378.1 A/B=0.7 TOO CLOSE, 
2022-11-22 15:21:17 24 stars of 30 completed...
2022-11-22 15:21:17 #RUN:  18 / 44
2022-11-22 15:21:17 #IMAGE/DATE-OBS: wobject-000141 [2048, 2048] 2018-03-26T15:33:41
2022-11-22 15:21:17 #OBJECT/EXPTIME/FILTER: hat-p-12b 200.0 R
2022-11-22 15:21:18 #IMAGE STATS: 2374.66 (52.41)
2022-11-22 15:21:18  - NUMBER of detected stars: 25
2022-11-22 15:21:20 wobject-000141 1230 110 [FAIL] FWHM=6.1" PEAK=348.0 A/B=0.8 TOO CLOSE, 
2022-11-22 15:21:21 wobject-000141 907 419 [FAIL] FWHM=0.5" PEAK=4472.4 A/B=0.9 TOO LARGE/SMALL, 
2022-11-22 15:21:27 23 stars of 25 completed...
2022-11-22 15:21:27 #RUN:  19 / 44
2022-11-22 15:21:27 #IMAGE/DATE-OBS: wobject-000143 [2048, 2048] 2018-03-26T15:40:34
2022-11-22 15:21:27 #OBJECT/EXPTIME/FILTER: hat-p-12b 200.0 R
2022-11-22 15:21:27 #IMAGE STATS: 2384.26 (52.50)
2022-11-22 15:21:28  - NUMBER of detected stars: 29
2022-11-22 15:21:29 wobject-000143 1233 110 [FAIL] FWHM=6.0" PEAK=358.1 A/B=0.8 TOO CLOSE, 
2022-11-22 15:21:30 wobject-000143 1483 318 [FAIL] FWHM=0.5" PEAK=3286.6 A/B=0.9 TOO LARGE/SMALL, 
2022-11-22 15:21:30 wobject-000143 1162 326 [FAIL] FWHM=5.6" PEAK=365.6 A/B=0.9 TOO CLOSE, 
2022-11-22 15:21:31 wobject-000143 243 436 [FAIL] FWHM=6.4" PEAK=361.3 A/B=0.7 TOO CLOSE, 
2022-11-22 15:21:36 wobject-000143 89 1946 [FAIL] FWHM=1.3" PEAK=3082.7 A/B=0.3 TOO LARGE/SMALL, 
2022-11-22 15:21:37 24 stars of 29 completed...
2022-11-22 15:21:37 #RUN:  20 / 44
2022-11-22 15:21:37 #IMAGE/DATE-OBS: wobject-000145 [2048, 2048] 2018-03-26T15:47:27
2022-11-22 15:21:37 #OBJECT/EXPTIME/FILTER: hat-p-12b 200.0 R
2022-11-22 15:21:37 #IMAGE STATS: 2369.52 (52.42)
2022-11-22 15:21:38  - NUMBER of detected stars: 30
2022-11-22 15:21:39 wobject-000145 1337 66 [FAIL] FWHM=6.0" PEAK=22293.0 A/B=0.9 TOO CLOSE, 
2022-11-22 15:21:39 wobject-000145 1231 106 [FAIL] FWHM=6.0" PEAK=351.0 A/B=0.9 TOO CLOSE, 
2022-11-22 15:21:42 wobject-000145 1777 602 [FAIL] FWHM=5.7" PEAK=6133.7 A/B=0.8 TOO CLOSE, 
2022-11-22 15:21:42 wobject-000145 1182 698 [FAIL] FWHM=0.5" PEAK=2925.9 A/B=0.9 TOO LARGE/SMALL, 
2022-11-22 15:21:45 wobject-000145 1892 1507 [FAIL] FWHM=5.7" PEAK=346.1 A/B=0.7 TOO CLOSE, 
2022-11-22 15:21:46 wobject-000145 1380 1705 [FAIL] FWHM=5.5" PEAK=422.7 A/B=0.7 TOO CLOSE, 
2022-11-22 15:21:47 24 stars of 30 completed...
2022-11-22 15:21:47 #RUN:  21 / 44
2022-11-22 15:21:47 #IMAGE/DATE-OBS: wobject-000147 [2048, 2048] 2018-03-26T15:54:20
2022-11-22 15:21:47 #OBJECT/EXPTIME/FILTER: hat-p-12b 200.0 R
2022-11-22 15:21:48 #IMAGE STATS: 2342.30 (52.11)
2022-11-22 15:21:48  - NUMBER of detected stars: 44
2022-11-22 15:21:50 wobject-000147 1339 67 [FAIL] FWHM=6.0" PEAK=22872.0 A/B=0.9 TOO CLOSE, 
2022-11-22 15:21:50 wobject-000147 1233 107 [FAIL] FWHM=6.0" PEAK=368.5 A/B=0.8 TOO CLOSE, 
2022-11-22 15:21:50 wobject-000147 274 231 [FAIL] FWHM=0.8" PEAK=5594.4 A/B=0.7 TOO LARGE/SMALL, 
2022-11-22 15:21:51 wobject-000147 993 285 [FAIL] FWHM=5.8" PEAK=405.6 A/B=0.8 TOO CLOSE, 
2022-11-22 15:21:51 wobject-000147 1163 323 [FAIL] FWHM=5.8" PEAK=363.9 A/B=0.8 TOO CLOSE, 
2022-11-22 15:21:51 wobject-000147 1043 383 [FAIL] FWHM=5.7" PEAK=7564.7 A/B=0.8 TOO CLOSE, 
2022-11-22 15:21:52 wobject-000147 1364 401 [FAIL] FWHM=5.7" PEAK=808.0 A/B=0.8 TOO CLOSE, 
2022-11-22 15:21:52 wobject-000147 243 432 [FAIL] FWHM=6.6" PEAK=369.7 A/B=0.7 TOO CLOSE, 
2022-11-22 15:21:52 wobject-000147 326 475 [FAIL] FWHM=6.3" PEAK=1576.1 A/B=0.7 TOO CLOSE, 
2022-11-22 15:21:53 wobject-000147 1779 603 [FAIL] FWHM=5.8" PEAK=6338.2 A/B=0.8 TOO CLOSE, 
2022-11-22 15:21:54 wobject-000147 1181 969 [FAIL] FWHM=5.3" PEAK=979.2 A/B=0.7 TOO CLOSE, 
2022-11-22 15:21:55 wobject-000147 1952 1310 [FAIL] FWHM=5.8" PEAK=2301.7 A/B=0.7 TOO CLOSE, 
2022-11-22 15:21:55 wobject-000147 1438 1351 [FAIL] FWHM=5.5" PEAK=380.9 A/B=0.7 TOO CLOSE, 
2022-11-22 15:21:57 wobject-000147 1382 1705 [FAIL] FWHM=5.3" PEAK=452.6 A/B=0.7 TOO CLOSE, 
2022-11-22 15:21:57 wobject-000147 1882 1706 [FAIL] FWHM=5.8" PEAK=1113.4 A/B=0.7 TOO CLOSE, 
2022-11-22 15:21:58 wobject-000147 1657 1815 [FAIL] FWHM=5.7" PEAK=21251.1 A/B=0.7 TOO CLOSE, 
2022-11-22 15:21:58 wobject-000147 1329 1842 [FAIL] FWHM=5.5" PEAK=2229.3 A/B=0.7 TOO CLOSE, 
2022-11-22 15:21:59 26 stars of 44 completed...
2022-11-22 15:21:59 #RUN:  22 / 44
2022-11-22 15:21:59 #IMAGE/DATE-OBS: wobject-000149 [2048, 2048] 2018-03-26T16:01:13
2022-11-22 15:21:59 #OBJECT/EXPTIME/FILTER: hat-p-12b 200.0 R
2022-11-22 15:21:59 #IMAGE STATS: 2339.21 (52.04)
2022-11-22 15:22:00  - NUMBER of detected stars: 37
2022-11-22 15:22:01 wobject-000149 1340 68 [FAIL] FWHM=6.1" PEAK=21888.6 A/B=0.9 TOO CLOSE, 
2022-11-22 15:22:02 wobject-000149 1235 108 [FAIL] FWHM=6.0" PEAK=350.3 A/B=0.9 TOO CLOSE, 
2022-11-22 15:22:02 wobject-000149 995 286 [FAIL] FWHM=5.9" PEAK=393.8 A/B=0.8 TOO CLOSE, 
2022-11-22 15:22:02 wobject-000149 1165 324 [FAIL] FWHM=6.1" PEAK=330.0 A/B=0.8 TOO CLOSE, 
2022-11-22 15:22:03 wobject-000149 1045 384 [FAIL] FWHM=5.8" PEAK=7179.7 A/B=0.8 TOO CLOSE, 
2022-11-22 15:22:03 wobject-000149 1365 403 [FAIL] FWHM=5.8" PEAK=773.6 A/B=0.8 TOO CLOSE, 
2022-11-22 15:22:03 wobject-000149 245 433 [FAIL] FWHM=6.6" PEAK=339.9 A/B=0.7 TOO CLOSE, 
2022-11-22 15:22:03 wobject-000149 245 433 [FAIL] FWHM=6.6" PEAK=339.8 A/B=0.7 TOO CLOSE, 
2022-11-22 15:22:04 wobject-000149 328 476 [FAIL] FWHM=6.4" PEAK=1488.9 A/B=0.7 TOO CLOSE, 
2022-11-22 15:22:05 wobject-000149 1183 970 [FAIL] FWHM=5.5" PEAK=907.0 A/B=0.7 TOO CLOSE, 
2022-11-22 15:22:06 wobject-000149 1440 1352 [FAIL] FWHM=5.5" PEAK=371.4 A/B=0.7 TOO CLOSE, 
2022-11-22 15:22:08 wobject-000149 1884 1707 [FAIL] FWHM=5.9" PEAK=1070.5 A/B=0.7 TOO CLOSE, 
2022-11-22 15:22:08 wobject-000149 1331 1843 [FAIL] FWHM=5.6" PEAK=2103.1 A/B=0.7 TOO CLOSE, 
2022-11-22 15:22:09 22 stars of 37 completed...
2022-11-22 15:22:09 #RUN:  23 / 44
2022-11-22 15:22:09 #IMAGE/DATE-OBS: wobject-000151 [2048, 2048] 2018-03-26T16:08:06
2022-11-22 15:22:09 #OBJECT/EXPTIME/FILTER: hat-p-12b 200.0 R
2022-11-22 15:22:09 #IMAGE STATS: 2301.86 (51.73)
2022-11-22 15:22:10  - NUMBER of detected stars: 34
2022-11-22 15:22:12 wobject-000151 1237 108 [FAIL] FWHM=6.0" PEAK=353.1 A/B=0.9 TOO CLOSE, 
2022-11-22 15:22:12 wobject-000151 1237 108 [FAIL] FWHM=6.0" PEAK=353.5 A/B=0.9 TOO CLOSE, 
2022-11-22 15:22:13 wobject-000151 1167 324 [FAIL] FWHM=5.7" PEAK=347.2 A/B=0.9 TOO CLOSE, 
2022-11-22 15:22:14 wobject-000151 369 645 [FAIL] FWHM=0.5" PEAK=9162.2 A/B=0.8 TOO LARGE/SMALL, 
2022-11-22 15:22:15 wobject-000151 214 996 [FAIL] FWHM=0.6" PEAK=14829.1 A/B=0.8 TOO LARGE/SMALL, 
2022-11-22 15:22:16 wobject-000151 747 1113 [FAIL] FWHM=1.4" PEAK=24894.8 A/B=0.1 TOO LARGE/SMALL, TOO OVAL, 
2022-11-22 15:22:18 wobject-000151 1898 1509 [FAIL] FWHM=5.8" PEAK=341.5 A/B=0.8 TOO CLOSE, 
2022-11-22 15:22:18 wobject-000151 1886 1708 [FAIL] FWHM=5.9" PEAK=1045.1 A/B=0.7 TOO CLOSE, 
2022-11-22 15:22:20 25 stars of 34 completed...
2022-11-22 15:22:20 #RUN:  24 / 44
2022-11-22 15:22:20 #IMAGE/DATE-OBS: wobject-000153 [2048, 2048] 2018-03-26T16:14:59
2022-11-22 15:22:20 #OBJECT/EXPTIME/FILTER: hat-p-12b 200.0 R
2022-11-22 15:22:20 #IMAGE STATS: 2275.18 (51.37)
2022-11-22 15:22:21  - NUMBER of detected stars: 34
2022-11-22 15:22:22 wobject-000153 1341 69 [FAIL] FWHM=6.2" PEAK=20975.6 A/B=0.8 TOO CLOSE, 
2022-11-22 15:22:23 wobject-000153 1166 325 [FAIL] FWHM=6.1" PEAK=327.4 A/B=0.8 TOO CLOSE, 
2022-11-22 15:22:25 wobject-000153 329 478 [FAIL] FWHM=6.5" PEAK=1428.0 A/B=0.7 TOO CLOSE, 
2022-11-22 15:22:25 wobject-000153 1782 605 [FAIL] FWHM=6.0" PEAK=5742.0 A/B=0.8 TOO CLOSE, 
2022-11-22 15:22:25 wobject-000153 1266 730 [FAIL] FWHM=5.7" PEAK=18497.9 A/B=0.8 TOO CLOSE, 
2022-11-22 15:22:27 wobject-000153 1954 1313 [FAIL] FWHM=6.0" PEAK=2056.2 A/B=0.7 TOO CLOSE, 
2022-11-22 15:22:27 wobject-000153 1441 1353 [FAIL] FWHM=5.6" PEAK=345.0 A/B=0.7 TOO CLOSE, 
2022-11-22 15:22:28 wobject-000153 1493 1460 [FAIL] FWHM=5.7" PEAK=18094.0 A/B=0.7 TOO CLOSE, 
2022-11-22 15:22:28 wobject-000153 1385 1708 [FAIL] FWHM=5.7" PEAK=384.5 A/B=0.7 TOO CLOSE, 
2022-11-22 15:22:28 wobject-000153 1885 1708 [FAIL] FWHM=6.0" PEAK=995.1 A/B=0.7 TOO CLOSE, 
2022-11-22 15:22:29 wobject-000153 1660 1818 [FAIL] FWHM=5.9" PEAK=18966.2 A/B=0.7 TOO CLOSE, 
2022-11-22 15:22:30 22 stars of 34 completed...
2022-11-22 15:22:30 #RUN:  25 / 44
2022-11-22 15:22:30 #IMAGE/DATE-OBS: wobject-000155 [2048, 2048] 2018-03-26T16:21:51
2022-11-22 15:22:30 #OBJECT/EXPTIME/FILTER: hat-p-12b 200.0 R
2022-11-22 15:22:30 #IMAGE STATS: 2214.76 (50.81)
2022-11-22 15:22:31  - NUMBER of detected stars: 31
2022-11-22 15:22:32 wobject-000155 1343 69 [FAIL] FWHM=6.1" PEAK=21948.3 A/B=0.8 TOO CLOSE, 
2022-11-22 15:22:32 wobject-000155 998 287 [FAIL] FWHM=5.9" PEAK=391.2 A/B=0.8 TOO CLOSE, 
2022-11-22 15:22:34 wobject-000155 330 478 [FAIL] FWHM=6.4" PEAK=1495.9 A/B=0.7 TOO CLOSE, 
2022-11-22 15:22:37 wobject-000155 1956 1313 [FAIL] FWHM=5.9" PEAK=2182.6 A/B=0.7 TOO CLOSE, 
2022-11-22 15:22:38 wobject-000155 1443 1353 [FAIL] FWHM=5.5" PEAK=357.6 A/B=0.7 TOO CLOSE, 
2022-11-22 15:22:40 wobject-000155 1886 1708 [FAIL] FWHM=5.9" PEAK=1045.1 A/B=0.7 TOO CLOSE, 
2022-11-22 15:22:41 24 stars of 31 completed...
2022-11-22 15:22:41 #RUN:  26 / 44
2022-11-22 15:22:41 #IMAGE/DATE-OBS: wobject-000157 [2048, 2048] 2018-03-26T16:28:44
2022-11-22 15:22:41 #OBJECT/EXPTIME/FILTER: hat-p-12b 200.0 R
2022-11-22 15:22:41 #IMAGE STATS: 2153.06 (50.13)
2022-11-22 15:22:42  - NUMBER of detected stars: 49
2022-11-22 15:22:43 wobject-000157 1561 63 [FAIL] FWHM=0.5" PEAK=9575.9 A/B=0.8 TOO LARGE/SMALL, 
2022-11-22 15:22:44 wobject-000157 1345 69 [FAIL] FWHM=6.3" PEAK=21427.2 A/B=0.8 TOO CLOSE, 
2022-11-22 15:22:44 wobject-000157 1560 70 [FAIL] FWHM=1.0" PEAK=3488.1 A/B=0.4 TOO LARGE/SMALL, 
2022-11-22 15:22:44 wobject-000157 1345 69 [FAIL] FWHM=6.3" PEAK=21437.5 A/B=0.8 TOO CLOSE, 
2022-11-22 15:22:44 wobject-000157 1240 109 [FAIL] FWHM=6.3" PEAK=345.8 A/B=0.8 TOO CLOSE, 
2022-11-22 15:22:44 wobject-000157 1240 109 [FAIL] FWHM=6.3" PEAK=345.6 A/B=0.8 TOO CLOSE, 
2022-11-22 15:22:44 wobject-000157 1000 287 [FAIL] FWHM=6.1" PEAK=368.2 A/B=0.8 TOO CLOSE, 
2022-11-22 15:22:45 wobject-000157 1050 385 [FAIL] FWHM=6.0" PEAK=6999.0 A/B=0.8 TOO CLOSE, 
2022-11-22 15:22:45 wobject-000157 1370 404 [FAIL] FWHM=6.0" PEAK=745.9 A/B=0.8 TOO CLOSE, 
2022-11-22 15:22:46 wobject-000157 250 434 [FAIL] FWHM=6.7" PEAK=357.2 A/B=0.7 TOO CLOSE, 
2022-11-22 15:22:46 wobject-000157 332 478 [FAIL] FWHM=6.5" PEAK=1460.2 A/B=0.7 TOO CLOSE, 
2022-11-22 15:22:47 wobject-000157 1270 730 [FAIL] FWHM=5.7" PEAK=19073.0 A/B=0.7 TOO CLOSE, 
2022-11-22 15:22:47 wobject-000157 995 799 [FAIL] FWHM=5.7" PEAK=1122.2 A/B=0.7 TOO CLOSE, 
2022-11-22 15:22:47 wobject-000157 1188 972 [FAIL] FWHM=5.6" PEAK=891.5 A/B=0.7 TOO CLOSE, 
2022-11-22 15:22:48 wobject-000157 1034 1032 [FAIL] FWHM=5.6" PEAK=31542.9 A/B=0.7 TOO CLOSE, 
2022-11-22 15:22:48 wobject-000157 1296 1292 [FAIL] FWHM=5.6" PEAK=1765.9 A/B=0.7 TOO CLOSE, 
2022-11-22 15:22:48 wobject-000157 1958 1313 [FAIL] FWHM=6.1" PEAK=2123.3 A/B=0.7 TOO CLOSE, 
2022-11-22 15:22:48 wobject-000157 702 1353 [FAIL] FWHM=0.5" PEAK=8428.5 A/B=0.9 TOO LARGE/SMALL, 
2022-11-22 15:22:49 wobject-000157 1445 1353 [FAIL] FWHM=5.5" PEAK=360.7 A/B=0.7 TOO CLOSE, 
2022-11-22 15:22:49 wobject-000157 1497 1460 [FAIL] FWHM=5.7" PEAK=18674.1 A/B=0.7 TOO CLOSE, 
2022-11-22 15:22:49 wobject-000157 1901 1510 [FAIL] FWHM=6.0" PEAK=331.6 A/B=0.7 TOO CLOSE, 
2022-11-22 15:22:51 wobject-000157 1889 1709 [FAIL] FWHM=6.1" PEAK=1031.2 A/B=0.7 TOO CLOSE, 
2022-11-22 15:22:51 wobject-000157 1389 1708 [FAIL] FWHM=5.7" PEAK=410.5 A/B=0.7 TOO CLOSE, 
2022-11-22 15:22:51 wobject-000157 1664 1818 [FAIL] FWHM=5.9" PEAK=19510.9 A/B=0.7 TOO CLOSE, 
2022-11-22 15:22:51 wobject-000157 1335 1845 [FAIL] FWHM=5.8" PEAK=2043.0 A/B=0.7 TOO CLOSE, 
2022-11-22 15:22:52 24 stars of 49 completed...
2022-11-22 15:22:52 #RUN:  27 / 44
2022-11-22 15:22:52 #IMAGE/DATE-OBS: wobject-000159 [2048, 2048] 2018-03-26T16:35:37
2022-11-22 15:22:52 #OBJECT/EXPTIME/FILTER: hat-p-12b 200.0 R
2022-11-22 15:22:52 #IMAGE STATS: 2137.73 (49.87)
2022-11-22 15:22:53  - NUMBER of detected stars: 42
2022-11-22 15:22:54 wobject-000159 1340 60 [FAIL] FWHM=5.9" PEAK=23470.9 A/B=0.9 TOO CLOSE, 
2022-11-22 15:22:55 wobject-000159 1235 100 [FAIL] FWHM=5.9" PEAK=377.3 A/B=0.9 TOO CLOSE, 
2022-11-22 15:22:55 wobject-000159 1165 316 [FAIL] FWHM=5.4" PEAK=377.0 A/B=0.9 TOO CLOSE, 
2022-11-22 15:22:57 wobject-000159 1781 596 [FAIL] FWHM=5.6" PEAK=6527.5 A/B=0.8 TOO CLOSE, 
2022-11-22 15:22:57 wobject-000159 444 663 [FAIL] FWHM=0.6" PEAK=13598.9 A/B=0.4 TOO LARGE/SMALL, 
2022-11-22 15:22:58 wobject-000159 1183 962 [FAIL] FWHM=5.3" PEAK=981.6 A/B=0.7 TOO CLOSE, 
2022-11-22 15:22:58 wobject-000159 54 1225 [FAIL] FWHM=0.5" PEAK=7879.7 A/B=1.0 TOO LARGE/SMALL, 
2022-11-22 15:22:59 wobject-000159 1291 1283 [FAIL] FWHM=5.2" PEAK=1962.3 A/B=0.7 TOO CLOSE, 
2022-11-22 15:22:59 wobject-000159 1953 1303 [FAIL] FWHM=5.6" PEAK=2368.2 A/B=0.7 TOO CLOSE, 
2022-11-22 15:23:00 wobject-000159 1492 1451 [FAIL] FWHM=5.3" PEAK=20803.4 A/B=0.7 TOO CLOSE, 
2022-11-22 15:23:00 wobject-000159 1896 1501 [FAIL] FWHM=5.6" PEAK=390.9 A/B=0.7 TOO CLOSE, 
2022-11-22 15:23:01 wobject-000159 124 1597 [FAIL] FWHM=6.2" PEAK=325.8 A/B=0.7 TOO CLOSE, 
2022-11-22 15:23:01 wobject-000159 1884 1699 [FAIL] FWHM=5.6" PEAK=1142.8 A/B=0.7 TOO CLOSE, 
2022-11-22 15:23:02 wobject-000159 1659 1809 [FAIL] FWHM=5.5" PEAK=21914.9 A/B=0.7 TOO CLOSE, 
2022-11-22 15:23:02 wobject-000159 1507 1825 [FAIL] FWHM=0.7" PEAK=1725.3 A/B=0.7 TOO LARGE/SMALL, 
2022-11-22 15:23:03 26 stars of 42 completed...
2022-11-22 15:23:03 #RUN:  28 / 44
2022-11-22 15:23:03 #IMAGE/DATE-OBS: wobject-000161 [2048, 2048] 2018-03-26T16:42:30
2022-11-22 15:23:03 #OBJECT/EXPTIME/FILTER: hat-p-12b 200.0 R
2022-11-22 15:23:03 #IMAGE STATS: 2103.30 (49.60)
2022-11-22 15:23:04  - NUMBER of detected stars: 27
2022-11-22 15:23:08 wobject-000161 1363 960 [FAIL] FWHM=1.2" PEAK=1879.6 A/B=0.4 TOO LARGE/SMALL, 
2022-11-22 15:23:13 25 stars of 27 completed...
2022-11-22 15:23:13 #RUN:  29 / 44
2022-11-22 15:23:13 #IMAGE/DATE-OBS: wobject-000162 [2048, 2048] 2018-03-26T16:45:57
2022-11-22 15:23:13 #OBJECT/EXPTIME/FILTER: hat-p-12b 200.0 R
2022-11-22 15:23:14 #IMAGE STATS: 2079.68 (49.29)
2022-11-22 15:23:14  - NUMBER of detected stars: 32
2022-11-22 15:23:16 wobject-000162 1238 100 [FAIL] FWHM=6.3" PEAK=318.4 A/B=0.8 TOO CLOSE, 
2022-11-22 15:23:16 wobject-000162 1238 100 [FAIL] FWHM=6.3" PEAK=318.3 A/B=0.8 TOO CLOSE, 
2022-11-22 15:23:16 wobject-000162 998 278 [FAIL] FWHM=5.8" PEAK=356.2 A/B=0.9 TOO CLOSE, 
2022-11-22 15:23:20 wobject-000162 1957 1303 [FAIL] FWHM=6.1" PEAK=1967.3 A/B=0.7 TOO CLOSE, 
2022-11-22 15:23:20 wobject-000162 1444 1344 [FAIL] FWHM=5.7" PEAK=312.9 A/B=0.7 TOO CLOSE, 
2022-11-22 15:23:22 wobject-000162 1887 1699 [FAIL] FWHM=6.0" PEAK=963.3 A/B=0.7 TOO CLOSE, 
2022-11-22 15:23:24 25 stars of 32 completed...
2022-11-22 15:23:24 #RUN:  30 / 44
2022-11-22 15:23:24 #IMAGE/DATE-OBS: wobject-000163 [2048, 2048] 2018-03-26T16:49:23
2022-11-22 15:23:24 #OBJECT/EXPTIME/FILTER: hat-p-12b 200.0 R
2022-11-22 15:23:24 #IMAGE STATS: 2077.49 (49.21)
2022-11-22 15:23:25  - NUMBER of detected stars: 28
2022-11-22 15:23:26 wobject-000163 1259 204 [FAIL] FWHM=0.5" PEAK=3173.2 A/B=0.9 TOO LARGE/SMALL, 
2022-11-22 15:23:28 wobject-000163 198 450 [FAIL] FWHM=0.5" PEAK=8556.0 A/B=0.9 TOO LARGE/SMALL, 
2022-11-22 15:23:34 wobject-000163 1770 1860 [FAIL] FWHM=0.4" PEAK=38187.9 A/B=0.8 TOO LARGE/SMALL, 
2022-11-22 15:23:35 25 stars of 28 completed...
2022-11-22 15:23:35 #RUN:  31 / 44
2022-11-22 15:23:35 #IMAGE/DATE-OBS: wobject-000164 [2048, 2048] 2018-03-26T16:52:50
2022-11-22 15:23:35 #OBJECT/EXPTIME/FILTER: hat-p-12b 200.0 R
2022-11-22 15:23:35 #IMAGE STATS: 2076.45 (49.27)
2022-11-22 15:23:36  - NUMBER of detected stars: 30
2022-11-22 15:23:38 wobject-000164 1170 315 [FAIL] FWHM=6.1" PEAK=306.9 A/B=0.8 TOO CLOSE, 
2022-11-22 15:23:38 wobject-000164 1371 394 [FAIL] FWHM=5.9" PEAK=675.1 A/B=0.8 TOO CLOSE, 
2022-11-22 15:23:39 wobject-000164 333 468 [FAIL] FWHM=6.6" PEAK=1323.9 A/B=0.8 TOO CLOSE, 
2022-11-22 15:23:42 wobject-000164 1959 1303 [FAIL] FWHM=6.1" PEAK=1891.0 A/B=0.7 TOO CLOSE, 
2022-11-22 15:23:43 wobject-000164 1902 1501 [FAIL] FWHM=6.0" PEAK=302.2 A/B=0.7 TOO CLOSE, 
2022-11-22 15:23:44 wobject-000164 1889 1699 [FAIL] FWHM=6.1" PEAK=920.3 A/B=0.7 TOO CLOSE, 
2022-11-22 15:23:45 24 stars of 30 completed...
2022-11-22 15:23:45 #RUN:  32 / 44
2022-11-22 15:23:45 #IMAGE/DATE-OBS: wobject-000165 [2048, 2048] 2018-03-26T16:56:16
2022-11-22 15:23:45 #OBJECT/EXPTIME/FILTER: hat-p-12b 200.0 R
2022-11-22 15:23:46 #IMAGE STATS: 2057.79 (49.09)
2022-11-22 15:23:47  - NUMBER of detected stars: 32
2022-11-22 15:23:49 wobject-000165 1241 99 [FAIL] FWHM=6.3" PEAK=328.2 A/B=0.8 TOO CLOSE, 
2022-11-22 15:23:49 wobject-000165 1241 99 [FAIL] FWHM=6.3" PEAK=328.2 A/B=0.8 TOO CLOSE, 
2022-11-22 15:23:49 wobject-000165 1001 277 [FAIL] FWHM=6.0" PEAK=363.5 A/B=0.8 TOO CLOSE, 
2022-11-22 15:23:50 wobject-000165 1171 315 [FAIL] FWHM=5.9" PEAK=330.1 A/B=0.8 TOO CLOSE, 
2022-11-22 15:23:51 wobject-000165 334 468 [FAIL] FWHM=6.3" PEAK=1429.2 A/B=0.7 TOO CLOSE, 
2022-11-22 15:23:57 wobject-000165 1665 1808 [FAIL] FWHM=5.8" PEAK=18833.3 A/B=0.7 TOO CLOSE, 
2022-11-22 15:23:58 26 stars of 32 completed...
2022-11-22 15:23:58 #RUN:  33 / 44
2022-11-22 15:23:58 #IMAGE/DATE-OBS: wobject-000166 [2048, 2048] 2018-03-26T16:59:42
2022-11-22 15:23:58 #OBJECT/EXPTIME/FILTER: hat-p-12b 200.0 R
2022-11-22 15:23:58 #IMAGE STATS: 2028.24 (48.83)
2022-11-22 15:23:59  - NUMBER of detected stars: 33
2022-11-22 15:24:00 wobject-000166 1242 98 [FAIL] FWHM=6.1" PEAK=322.3 A/B=0.9 TOO CLOSE, 
2022-11-22 15:24:02 wobject-000166 253 424 [FAIL] FWHM=6.7" PEAK=323.6 A/B=0.7 TOO CLOSE, 
2022-11-22 15:24:05 wobject-000166 1961 1302 [FAIL] FWHM=5.9" PEAK=2047.7 A/B=0.7 TOO CLOSE, 
2022-11-22 15:24:06 wobject-000166 1903 1499 [FAIL] FWHM=6.1" PEAK=326.7 A/B=0.7 TOO CLOSE, 
2022-11-22 15:24:07 wobject-000166 1391 1697 [FAIL] FWHM=5.6" PEAK=397.8 A/B=0.7 TOO CLOSE, 
2022-11-22 15:24:07 wobject-000166 1891 1698 [FAIL] FWHM=6.0" PEAK=1002.2 A/B=0.7 TOO CLOSE, 
2022-11-22 15:24:08 wobject-000166 1666 1807 [FAIL] FWHM=5.8" PEAK=18936.5 A/B=0.7 TOO CLOSE, 
2022-11-22 15:24:09 26 stars of 33 completed...
2022-11-22 15:24:09 #RUN:  34 / 44
2022-11-22 15:24:09 #IMAGE/DATE-OBS: wobject-000167 [2048, 2048] 2018-03-26T17:03:09
2022-11-22 15:24:09 #OBJECT/EXPTIME/FILTER: hat-p-12b 200.0 R
2022-11-22 15:24:09 #IMAGE STATS: 1984.19 (48.19)
2022-11-22 15:24:10  - NUMBER of detected stars: 32
2022-11-22 15:24:11 wobject-000167 1349 58 [FAIL] FWHM=6.1" PEAK=20685.7 A/B=0.9 TOO CLOSE, 
2022-11-22 15:24:12 wobject-000167 1243 98 [FAIL] FWHM=6.0" PEAK=334.7 A/B=0.9 TOO CLOSE, 
2022-11-22 15:24:12 wobject-000167 1004 276 [FAIL] FWHM=5.8" PEAK=361.9 A/B=0.9 TOO CLOSE, 
2022-11-22 15:24:12 wobject-000167 1173 314 [FAIL] FWHM=5.7" PEAK=329.5 A/B=0.9 TOO CLOSE, 
2022-11-22 15:24:14 wobject-000167 253 423 [FAIL] FWHM=6.6" PEAK=329.1 A/B=0.8 TOO CLOSE, 
2022-11-22 15:24:19 wobject-000167 1049 1774 [FAIL] FWHM=0.7" PEAK=4359.4 A/B=0.5 TOO LARGE/SMALL, 
2022-11-22 15:24:21 26 stars of 32 completed...
2022-11-22 15:24:21 #RUN:  35 / 44
2022-11-22 15:24:21 #IMAGE/DATE-OBS: wobject-000168 [2048, 2048] 2018-03-26T17:06:36
2022-11-22 15:24:21 #OBJECT/EXPTIME/FILTER: hat-p-12b 200.0 R
2022-11-22 15:24:22 #IMAGE STATS: 1948.35 (47.74)
2022-11-22 15:24:22  - NUMBER of detected stars: 35
2022-11-22 15:24:24 wobject-000168 1350 58 [FAIL] FWHM=6.1" PEAK=20660.4 A/B=0.9 TOO CLOSE, 
2022-11-22 15:24:24 wobject-000168 1244 98 [FAIL] FWHM=6.0" PEAK=338.1 A/B=0.9 TOO CLOSE, 
2022-11-22 15:24:25 wobject-000168 1174 314 [FAIL] FWHM=6.0" PEAK=316.3 A/B=0.9 TOO CLOSE, 
2022-11-22 15:24:25 wobject-000168 1174 314 [FAIL] FWHM=5.9" PEAK=316.2 A/B=0.9 TOO CLOSE, 
2022-11-22 15:24:26 wobject-000168 337 466 [FAIL] FWHM=6.3" PEAK=1413.1 A/B=0.8 TOO CLOSE, 
2022-11-22 15:24:27 wobject-000168 1193 960 [FAIL] FWHM=5.5" PEAK=859.8 A/B=0.8 TOO CLOSE, 
2022-11-22 15:24:29 wobject-000168 1963 1301 [FAIL] FWHM=5.9" PEAK=2064.1 A/B=0.7 TOO CLOSE, 
2022-11-22 15:24:29 wobject-000168 1450 1342 [FAIL] FWHM=5.5" PEAK=335.7 A/B=0.7 TOO CLOSE, 
2022-11-22 15:24:30 wobject-000168 56 1570 [FAIL] FWHM=6.4" PEAK=414.9 A/B=0.7 TOO CLOSE, 
2022-11-22 15:24:31 wobject-000168 1893 1697 [FAIL] FWHM=5.9" PEAK=1000.4 A/B=0.7 TOO CLOSE, 
2022-11-22 15:24:32 25 stars of 35 completed...
2022-11-22 15:24:33 #RUN:  36 / 44
2022-11-22 15:24:33 #IMAGE/DATE-OBS: wobject-000169 [2048, 2048] 2018-03-26T17:10:02
2022-11-22 15:24:33 #OBJECT/EXPTIME/FILTER: hat-p-12b 200.0 R
2022-11-22 15:24:33 #IMAGE STATS: 1929.55 (47.52)
2022-11-22 15:24:34  - NUMBER of detected stars: 32
2022-11-22 15:24:35 wobject-000169 1245 97 [FAIL] FWHM=5.9" PEAK=330.2 A/B=0.9 TOO CLOSE, 
2022-11-22 15:24:39 wobject-000169 290 1118 [FAIL] FWHM=0.5" PEAK=7004.8 A/B=1.0 TOO LARGE/SMALL, 
2022-11-22 15:24:40 wobject-000169 1451 1341 [FAIL] FWHM=5.4" PEAK=323.2 A/B=0.8 TOO CLOSE, 
2022-11-22 15:24:41 wobject-000169 1906 1499 [FAIL] FWHM=5.8" PEAK=319.3 A/B=0.7 TOO CLOSE, 
2022-11-22 15:24:41 wobject-000169 56 1570 [FAIL] FWHM=6.3" PEAK=402.7 A/B=0.7 TOO CLOSE, 
2022-11-22 15:24:44 27 stars of 32 completed...
2022-11-22 15:24:45 #RUN:  37 / 44
2022-11-22 15:24:45 #IMAGE/DATE-OBS: wobject-000171 [2048, 2048] 2018-03-26T17:16:55
2022-11-22 15:24:45 #OBJECT/EXPTIME/FILTER: hat-p-12b 200.0 R
2022-11-22 15:24:45 #IMAGE STATS: 1833.44 (46.38)
2022-11-22 15:24:46  - NUMBER of detected stars: 36
2022-11-22 15:24:48 wobject-000171 1247 97 [FAIL] FWHM=6.0" PEAK=338.1 A/B=0.9 TOO CLOSE, 
2022-11-22 15:24:48 wobject-000171 1247 97 [FAIL] FWHM=6.0" PEAK=338.3 A/B=0.9 TOO CLOSE, 
2022-11-22 15:24:49 wobject-000171 1008 274 [FAIL] FWHM=5.9" PEAK=374.8 A/B=0.8 TOO CLOSE, 
2022-11-22 15:24:49 wobject-000171 1177 313 [FAIL] FWHM=6.0" PEAK=326.9 A/B=0.8 TOO CLOSE, 
2022-11-22 15:24:51 wobject-000171 340 465 [FAIL] FWHM=6.3" PEAK=1438.5 A/B=0.8 TOO CLOSE, 
2022-11-22 15:24:56 wobject-000171 52 1307 [FAIL] FWHM=0.5" PEAK=5188.3 A/B=0.9 TOO LARGE/SMALL, 
2022-11-22 15:24:58 wobject-000171 286 1486 [FAIL] FWHM=0.5" PEAK=3769.8 A/B=1.0 TOO LARGE/SMALL, 
2022-11-22 15:25:00 wobject-000171 1896 1696 [FAIL] FWHM=5.9" PEAK=997.9 A/B=0.7 TOO CLOSE, 
2022-11-22 15:25:01 wobject-000171 1154 1942 [FAIL] FWHM=1.7" PEAK=1263.9 A/B=0.2 TOO LARGE/SMALL, TOO OVAL, 
2022-11-22 15:25:01 wobject-000171 1065 1971 [FAIL] FWHM=3.5" PEAK=3877.8 A/B=0.1 TOO OVAL, 
2022-11-22 15:25:02 26 stars of 36 completed...
2022-11-22 15:25:02 #RUN:  38 / 44
2022-11-22 15:25:02 #IMAGE/DATE-OBS: wobject-000174 [2048, 2048] 2018-03-26T17:27:15
2022-11-22 15:25:02 #OBJECT/EXPTIME/FILTER: hat-p-12b 200.0 R
2022-11-22 15:25:03 #IMAGE STATS: 1705.69 (44.62)
2022-11-22 15:25:03  - NUMBER of detected stars: 28
2022-11-22 15:25:07 wobject-000174 1657 598 [FAIL] FWHM=0.6" PEAK=16104.2 A/B=0.3 TOO LARGE/SMALL, 
2022-11-22 15:25:13 27 stars of 28 completed...
2022-11-22 15:25:13 #RUN:  39 / 44
2022-11-22 15:25:13 #IMAGE/DATE-OBS: wobject-000177 [2048, 2048] 2018-03-26T17:37:34
2022-11-22 15:25:13 #OBJECT/EXPTIME/FILTER: hat-p-12b 200.0 R
2022-11-22 15:25:14 #IMAGE STATS: 1554.01 (42.61)
2022-11-22 15:25:15  - NUMBER of detected stars: 31
2022-11-22 15:25:21 wobject-000177 1540 1331 [FAIL] FWHM=0.6" PEAK=5038.3 A/B=0.7 TOO LARGE/SMALL, 
2022-11-22 15:25:24 wobject-000177 1068 1969 [FAIL] FWHM=5.0" PEAK=294.9 A/B=0.8 TOO CLOSE, 
2022-11-22 15:25:25 29 stars of 31 completed...
2022-11-22 15:25:25 #RUN:  40 / 44
2022-11-22 15:25:25 #IMAGE/DATE-OBS: wobject-000180 [2048, 2048] 2018-03-26T17:47:53
2022-11-22 15:25:25 #OBJECT/EXPTIME/FILTER: hat-p-12b 200.0 R
2022-11-22 15:25:26 #IMAGE STATS: 1378.57 (40.14)
2022-11-22 15:25:26  - NUMBER of detected stars: 29
2022-11-22 15:25:28 wobject-000180 1257 92 [FAIL] FWHM=5.8" PEAK=355.1 A/B=0.8 TOO CLOSE, 
2022-11-22 15:25:34 wobject-000180 147 1590 [FAIL] FWHM=5.9" PEAK=297.1 A/B=0.7 TOO CLOSE, 
2022-11-22 15:25:36 27 stars of 29 completed...
2022-11-22 15:25:36 #RUN:  41 / 44
2022-11-22 15:25:36 #IMAGE/DATE-OBS: wobject-000183 [2048, 2048] 2018-03-26T17:58:12
2022-11-22 15:25:36 #OBJECT/EXPTIME/FILTER: hat-p-12b 200.0 R
2022-11-22 15:25:36 #IMAGE STATS: 1191.31 (37.38)
2022-11-22 15:25:37  - NUMBER of detected stars: 29
2022-11-22 15:25:42 wobject-000183 1287 1043 [FAIL] FWHM=0.7" PEAK=5763.3 A/B=0.7 TOO LARGE/SMALL, 
2022-11-22 15:25:46 wobject-000183 1270 1894 [FAIL] FWHM=0.6" PEAK=3971.8 A/B=0.7 TOO LARGE/SMALL, 
2022-11-22 15:25:47 27 stars of 29 completed...
2022-11-22 15:25:47 #RUN:  42 / 44
2022-11-22 15:25:47 #IMAGE/DATE-OBS: wobject-000186 [2048, 2048] 2018-03-26T18:08:32
2022-11-22 15:25:47 #OBJECT/EXPTIME/FILTER: hat-p-12b 200.0 R
2022-11-22 15:25:48 #IMAGE STATS: 975.22 (34.06)
2022-11-22 15:25:48  - NUMBER of detected stars: 33
2022-11-22 15:25:50 wobject-000186 935 135 [FAIL] FWHM=1.2" PEAK=2844.8 A/B=0.4 TOO LARGE/SMALL, 
2022-11-22 15:25:50 wobject-000186 129 174 [FAIL] FWHM=0.6" PEAK=9356.1 A/B=0.8 TOO LARGE/SMALL, 
2022-11-22 15:25:53 wobject-000186 1465 774 [FAIL] FWHM=1.4" PEAK=3967.4 A/B=0.4 TOO LARGE/SMALL, 
2022-11-22 15:25:53 wobject-000186 1237 940 [FAIL] FWHM=0.6" PEAK=28490.4 A/B=0.6 TOO LARGE/SMALL, 
2022-11-22 15:25:54 wobject-000186 385 1229 [FAIL] FWHM=0.9" PEAK=1079.7 A/B=0.5 TOO LARGE/SMALL, 
2022-11-22 15:25:59 28 stars of 33 completed...
2022-11-22 15:25:59 #RUN:  43 / 44
2022-11-22 15:25:59 #IMAGE/DATE-OBS: wobject-000189 [2048, 2048] 2018-03-26T18:18:52
2022-11-22 15:25:59 #OBJECT/EXPTIME/FILTER: hat-p-12b 200.0 R
2022-11-22 15:25:59 #IMAGE STATS: 790.57 (30.88)
2022-11-22 15:26:00  - NUMBER of detected stars: 33
2022-11-22 15:26:03 wobject-000189 602 449 [FAIL] FWHM=0.9" PEAK=6578.6 A/B=0.2 TOO LARGE/SMALL, TOO OVAL, 
2022-11-22 15:26:08 wobject-000189 1621 1599 [FAIL] FWHM=0.5" PEAK=3394.1 A/B=1.0 TOO LARGE/SMALL, 
2022-11-22 15:26:09 wobject-000189 1753 1816 [FAIL] FWHM=0.5" PEAK=8186.2 A/B=1.0 TOO LARGE/SMALL, 
2022-11-22 15:26:10 30 stars of 33 completed...
2022-11-22 15:26:10 #RUN:  44 / 44
2022-11-22 15:26:10 #IMAGE/DATE-OBS: wobject-000192 [2048, 2048] 2018-03-26T18:29:11
2022-11-22 15:26:10 #OBJECT/EXPTIME/FILTER: hat-p-12b 200.0 R
2022-11-22 15:26:11 #IMAGE STATS: 673.35 (28.87)
2022-11-22 15:26:11  - NUMBER of detected stars: 34
2022-11-22 15:26:14 wobject-000192 1192 297 [FAIL] FWHM=5.3" PEAK=320.6 A/B=0.9 TOO CLOSE, 
2022-11-22 15:26:15 wobject-000192 1920 691 [FAIL] FWHM=1.2" PEAK=3218.4 A/B=0.3 TOO LARGE/SMALL, TOO OVAL, 
2022-11-22 15:26:17 wobject-000192 1548 1165 [FAIL] FWHM=0.5" PEAK=5140.9 A/B=1.0 TOO LARGE/SMALL, 
2022-11-22 15:26:20 wobject-000192 605 1797 [FAIL] FWHM=2.1" PEAK=1377.8 A/B=0.2 TOO OVAL, 
2022-11-22 15:26:22 30 stars of 34 completed...
2022-11-22 15:26:30 #WORK: make_timeseries
2022-11-22 15:26:30 #WORK DIR: ./180326-HAT-P-12b
2022-11-22 15:26:30 #SHIFT PLOT: True
2022-11-22 15:26:30 #LOG FILE: wobs.log
2022-11-22 15:26:32 wobject-000115 dx=0.00(0.00) dy=0.00(0.00) 22/22
2022-11-22 15:26:32 wobject-000116 dx=-0.43(23.96) dy=-1.02(24.23) 22/22
2022-11-22 15:26:33 wobject-000117 dx=-0.50(39.61) dy=-2.29(48.49) 22/22
2022-11-22 15:26:34 wobject-000118 dx=-0.78(27.66) dy=-3.60(25.10) 22/22
2022-11-22 15:26:35 wobject-000121 dx=-2.40(0.12) dy=-8.69(0.08) 22/22
2022-11-22 15:26:36 wobject-000124 dx=2.01(0.13) dy=6.56(0.14) 22/22
2022-11-22 15:26:37 wobject-000127 dx=0.22(0.17) dy=3.07(0.09) 22/22
2022-11-22 15:26:37 wobject-000130 dx=-1.14(0.14) dy=0.57(0.10) 22/22
2022-11-22 15:26:38 wobject-000131 dx=-2.04(0.22) dy=0.09(0.11) 22/22
2022-11-22 15:26:39 wobject-000132 dx=-2.50(0.23) dy=-0.66(0.09) 22/22
2022-11-22 15:26:40 wobject-000133 dx=-3.02(0.21) dy=-1.29(0.09) 22/22
2022-11-22 15:26:41 wobject-000134 dx=-3.75(19.72) dy=-2.07(23.69) 22/22
2022-11-22 15:26:42 wobject-000135 dx=-4.68(10.75) dy=-2.45(22.36) 22/22
2022-11-22 15:26:43 wobject-000136 dx=-5.77(0.17) dy=1.34(0.08) 22/22
2022-11-22 15:26:44 wobject-000137 dx=-6.35(0.16) dy=0.66(0.11) 22/22
2022-11-22 15:26:45 wobject-000138 dx=-6.99(0.18) dy=-0.03(0.11) 22/22
2022-11-22 15:26:45 wobject-000139 dx=-0.85(0.16) dy=-0.37(0.07) 22/22
2022-11-22 15:26:46 wobject-000141 dx=-2.87(0.19) dy=-1.59(0.09) 22/22
2022-11-22 15:26:47 wobject-000143 dx=-4.94(0.19) dy=-2.32(0.07) 22/22
2022-11-22 15:26:48 wobject-000145 dx=-3.48(0.22) dy=1.69(0.09) 22/22
2022-11-22 15:26:49 wobject-000147 dx=-5.54(0.19) dy=1.31(0.07) 22/22
2022-11-22 15:26:50 wobject-000149 dx=-7.35(0.21) dy=0.15(0.11) 22/22
2022-11-22 15:26:51 wobject-000151 dx=-9.45(0.22) dy=-0.21(0.08) 22/22
2022-11-22 15:26:52 wobject-000153 dx=-8.39(0.21) dy=-1.07(0.10) 22/22
2022-11-22 15:26:53 wobject-000155 dx=-9.86(0.23) dy=-1.01(0.13) 22/22
2022-11-22 15:26:53 wobject-000157 dx=-12.17(0.26) dy=-1.15(0.12) 22/22
2022-11-22 15:26:54 wobject-000159 dx=-7.01(0.23) dy=8.21(0.13) 22/22
2022-11-22 15:26:55 wobject-000161 dx=-9.70(0.29) dy=8.71(0.09) 22/22
2022-11-22 15:26:56 wobject-000162 dx=-10.67(0.28) dy=8.49(0.09) 22/22
2022-11-22 15:26:57 wobject-000163 dx=-11.83(0.29) dy=8.75(0.15) 22/22
2022-11-22 15:26:58 wobject-000164 dx=-12.76(0.22) dy=8.66(0.10) 22/22
2022-11-22 15:26:59 wobject-000165 dx=-13.41(0.28) dy=8.93(0.09) 22/22
2022-11-22 15:27:00 wobject-000166 dx=-14.75(0.25) dy=9.86(0.14) 22/22
2022-11-22 15:27:01 wobject-000167 dx=-15.70(0.27) dy=10.29(0.11) 22/22
2022-11-22 15:27:01 wobject-000168 dx=-16.94(0.26) dy=10.15(0.11) 22/22
2022-11-22 15:27:02 wobject-000169 dx=-17.58(0.22) dy=10.62(0.11) 22/22
2022-11-22 15:27:03 wobject-000171 dx=-19.80(0.27) dy=11.45(0.09) 22/22
2022-11-22 15:27:04 wobject-000174 dx=-22.85(0.25) dy=12.52(0.13) 22/22
2022-11-22 15:27:06 wobject-000177 dx=-26.41(0.29) dy=13.61(0.11) 22/22
2022-11-22 15:27:07 wobject-000180 dx=-29.99(0.36) dy=15.57(0.12) 22/22
2022-11-22 15:27:08 wobject-000183 dx=-25.77(22.05) dy=18.67(8.28) 22/22
2022-11-22 15:27:09 wobject-000186 dx=-28.67(22.07) dy=20.72(8.28) 22/22
2022-11-22 15:27:10 wobject-000189 dx=-31.69(22.08) dy=23.14(8.29) 22/22
2022-11-22 15:27:11 wobject-000192 dx=-34.61(22.05) dy=26.87(8.32) 22/22
2022-11-22 15:27:11 #SHIFT PLOT: JD(2458204.091072 - 0.184084)
2022-11-22 15:27:11 WRITE TO w180326-HAT-P-12b-shift.png...
2022-11-22 15:27:11 WRITE TO w180326-HAT-P-12b-chart.png...
2022-11-22 15:30:46 #WORK: chek_comps
2022-11-22 15:30:46 #WORKNAME: 180326-HAT-P-12b
2022-11-22 15:30:46 #APERTURE: [2] R=20.0pix
2022-11-22 15:30:46 #TARGETNUM: 13
2022-11-22 15:30:46 #LOGFILE: wobs.log
2022-11-22 15:30:47 013-001: [OK] dM=-0.077 RMS=0.011
2022-11-22 15:30:47 013-002: [FAIL] DELM = -4.60
2022-11-22 15:30:47 013-003: [FAIL] DELM = -4.56
2022-11-22 15:30:47 013-004: [FAIL] DELM = -4.67
2022-11-22 15:30:47 013-005: [OK] dM=-1.446 RMS=0.012
2022-11-22 15:30:47 013-006: [FAIL] DELM = -3.89
2022-11-22 15:30:47 013-007: [FAIL] DELM = -4.58
2022-11-22 15:30:47 013-008: [FAIL] DELM = -3.04
2022-11-22 15:30:47 013-009: [OK] dM=-1.650 RMS=0.012
2022-11-22 15:30:47 013-010: [OK] dM=-0.488 RMS=0.011
2022-11-22 15:30:47 013-011: [FAIL] DELM = -3.59
2022-11-22 15:30:47 013-012: [FAIL] DELM = -3.88
2022-11-22 15:30:47 013-014: [FAIL] DELM = -3.17
2022-11-22 15:30:47 013-015: [OK] dM=-2.824 RMS=0.014
2022-11-22 15:30:47 013-016: [FAIL] DELM = -4.93
2022-11-22 15:30:47 013-017: [OK] dM=-0.588 RMS=0.011
2022-11-22 15:30:47 013-018: [FAIL] DELM = -4.86
2022-11-22 15:30:47 013-019: [FAIL] DELM = -4.71
2022-11-22 15:30:47 013-020: [FAIL] DELM = -3.62
2022-11-22 15:30:47 013-021: [OK] dM=-0.464 RMS=0.010
2022-11-22 15:30:47 013-022: [OK] dM=-2.951 RMS=0.013
2022-11-22 15:32:24 #WORK: plot_lightcurve
2022-11-22 15:32:24 #WORKNAME: 180326-HAT-P-12b
2022-11-22 15:32:24 #APERTURE: [2] R=20.0pix
2022-11-22 15:32:24 #TARGET: HAT-P-12b
2022-11-22 15:32:24 #TARGET INDEX: 13
2022-11-22 15:32:24 #COMPARISON INDICES: [ 5 10 17]
2022-11-22 15:32:24 #LOGFILE: wobs.log
2022-11-22 15:32:25 180326-HAT-P-12b / MAG PLOT: 013-005
2022-11-22 15:32:25 180326-HAT-P-12b / MAG PLOT: 013-010
2022-11-22 15:32:25 180326-HAT-P-12b / MAG PLOT: 013-017
2022-11-22 15:33:56 #WORK: fit_lightcurve
2022-11-22 15:33:56 #DATA FILE: w180326-HAT-P-12b-R.dat
2022-11-22 15:33:56 #EXOPLANET DATA FILE: nea.csv
2022-11-22 15:33:56 #PLANET NAME: HAT-P-12b
2022-11-22 15:33:56   PER=3.21306
2022-11-22 15:33:56   RSTAR=0.7000
2022-11-22 15:33:56   A=0.0384
2022-11-22 15:33:56   RR=0.138
2022-11-22 15:33:56   B=0.211
2022-11-22 15:33:56 INITIAL T_C = 2458204.17856866
2022-11-22 15:33:57 INPUTS-------------
2022-11-22 15:33:57 Tc = 2458204.17857
2022-11-22 15:33:57 Rp = 0.9590000000000001
2022-11-22 15:33:57 a = 0.0384
2022-11-22 15:33:57 b = 0.211
2022-11-22 15:33:57 OUTPUTS------------
2022-11-22 15:33:57 Tc = 2458204.17725 (0.00019)
2022-11-22 15:33:57 Rp/Rs = 0.139 (0.002)
2022-11-22 15:33:57 Rp = 0.97 (0.01)
2022-11-22 15:33:57 a/Rs = 11.7729, (0.1175)
2022-11-22 15:33:57 a = 0.03831 (0.00038)
2022-11-22 15:33:57 b = 0.23 (0.01)
2022-11-22 15:33:57 i = 88.9 (0.7)
