wobject-000115    0.000  0.000    0.000  0.000 22
wobject-000116   -0.429 23.963   -1.015 24.226 22
wobject-000117   -0.500 39.614   -2.288 48.492 22
wobject-000118   -0.781 27.662   -3.602 25.096 22
wobject-000121   -2.397  0.118   -8.692  0.080 22
wobject-000124    2.008  0.133    6.557  0.141 22
wobject-000127    0.222  0.165    3.072  0.087 22
wobject-000130   -1.139  0.136    0.575  0.098 22
wobject-000131   -2.036  0.217    0.093  0.105 22
wobject-000132   -2.502  0.233   -0.664  0.090 22
wobject-000133   -3.020  0.214   -1.295  0.087 22
wobject-000134   -3.746 19.722   -2.069 23.692 22
wobject-000135   -4.683 10.748   -2.453 22.355 22
wobject-000136   -5.772  0.174    1.342  0.085 22
wobject-000137   -6.346  0.162    0.665  0.113 22
wobject-000138   -6.987  0.179   -0.034  0.106 22
wobject-000139   -0.855  0.165   -0.374  0.073 22
wobject-000141   -2.870  0.187   -1.585  0.094 22
wobject-000143   -4.945  0.187   -2.323  0.065 22
wobject-000145   -3.477  0.216    1.694  0.094 22
wobject-000147   -5.537  0.191    1.310  0.070 22
wobject-000149   -7.346  0.206    0.154  0.114 22
wobject-000151   -9.454  0.220   -0.214  0.076 22
wobject-000153   -8.389  0.213   -1.069  0.098 22
wobject-000155   -9.862  0.232   -1.006  0.128 22
wobject-000157  -12.171  0.256   -1.150  0.116 22
wobject-000159   -7.006  0.226    8.206  0.130 22
wobject-000161   -9.699  0.288    8.707  0.085 22
wobject-000162  -10.669  0.275    8.493  0.094 22
wobject-000163  -11.827  0.285    8.747  0.149 22
wobject-000164  -12.756  0.223    8.664  0.096 22
wobject-000165  -13.410  0.283    8.927  0.093 22
wobject-000166  -14.746  0.246    9.860  0.136 22
wobject-000167  -15.698  0.269   10.295  0.107 22
wobject-000168  -16.945  0.264   10.155  0.110 22
wobject-000169  -17.579  0.225   10.616  0.112 22
wobject-000171  -19.803  0.273   11.447  0.095 22
wobject-000174  -22.850  0.251   12.524  0.126 22
wobject-000177  -26.408  0.292   13.611  0.110 22
wobject-000180  -29.993  0.363   15.566  0.119 22
wobject-000183  -25.773 22.054   18.666  8.278 22
wobject-000186  -28.668 22.069   20.723  8.280 22
wobject-000189  -31.685 22.082   23.142  8.289 22
wobject-000192  -34.611 22.047   26.874  8.316 22
